<?xml version="1.0" encoding="UTF-8"?>
<testsuite name="MinesweeperTest" tests="1" skipped="0" failures="0" errors="0" timestamp="2022-01-18T21:27:57" hostname="foxhound" time="2.434">
  <properties/>
  <testcase name="start" classname="MinesweeperTest" time="2.434"/>
  <system-out><![CDATA[?[1;31m
Start test 1?[0m
How many mines do you want on the field? > 1

 │123456789│
—│—————————│
1│.........│
2│.........│
3│.........│
4│.........│
5│.........│
6│.........│
7│.........│
8│.........│
9│.........│
—│—————————│
Set/unset mine marks or claim a cell as free: > 4 5 mine

 │123456789│
—│—————————│
1│.........│
2│.........│
3│.........│
4│.........│
5│...*.....│
6│.........│
7│.........│
8│.........│
9│.........│
—│—————————│
Set/unset mine marks or claim a cell as free: > 2 8 mine

 │123456789│
—│—————————│
1│.........│
2│.........│
3│.........│
4│.........│
5│...*.....│
6│.........│
7│.........│
8│.*.......│
9│.........│
—│—————————│
Set/unset mine marks or claim a cell as free: > 6 4 free

 │123456789│
—│—————————│
1│/////////│
2│/////////│
3│/////////│
4│/////////│
5│/////////│
6│111//////│
7│..1//////│
8│111//////│
9│/////////│
—│—————————│
Set/unset mine marks or claim a cell as free: > 1 7 free

 │123456789│
—│—————————│
1│/////////│
2│/////////│
3│/////////│
4│/////////│
5│/////////│
6│111//////│
7│1.1//////│
8│111//////│
9│/////////│
—│—————————│
Congratulations! You found all the mines!
?[1;31m
Start test 2?[0m
How many mines do you want on the field? > 1

 │123456789│
—│—————————│
1│.........│
2│.........│
3│.........│
4│.........│
5│.........│
6│.........│
7│.........│
8│.........│
9│.........│
—│—————————│
Set/unset mine marks or claim a cell as free: > 1 5 free

 │123456789│
—│—————————│
1│/////////│
2│/////////│
3│///////11│
4│///////1.│
5│///////11│
6│/////////│
7│/////////│
8│/////////│
9│/////////│
—│—————————│
Congratulations! You found all the mines!
?[1;31m
Start test 3?[0m
How many mines do you want on the field? > 1

 │123456789│
—│—————————│
1│.........│
2│.........│
3│.........│
4│.........│
5│.........│
6│.........│
7│.........│
8│.........│
9│.........│
—│—————————│
Set/unset mine marks or claim a cell as free: > 2 7 free

 │123456789│
—│—————————│
1│////1.1//│
2│////1.1//│
3│////111//│
4│/////////│
5│/////////│
6│/////////│
7│/////////│
8│/////////│
9│/////////│
—│—————————│
Set/unset mine marks or claim a cell as free: > 6 2 free

 │123456789│
—│—————————│
1│////1.1//│
2│////1X1//│
3│////111//│
4│/////////│
5│/////////│
6│/////////│
7│/////////│
8│/////////│
9│/////////│
—│—————————│
You stepped on a mine and failed!
?[1;31m
Start test 4?[0m
How many mines do you want on the field? > 1

 │123456789│
—│—————————│
1│.........│
2│.........│
3│.........│
4│.........│
5│.........│
6│.........│
7│.........│
8│.........│
9│.........│
—│—————————│
Set/unset mine marks or claim a cell as free: > 4 9 mine

 │123456789│
—│—————————│
1│.........│
2│.........│
3│.........│
4│.........│
5│.........│
6│.........│
7│.........│
8│.........│
9│...*.....│
—│—————————│
Set/unset mine marks or claim a cell as free: > 7 9 free

 │123456789│
—│—————————│
1│/////////│
2│/////////│
3│/////////│
4│/////////│
5│//////111│
6│//////1..│
7│//////111│
8│/////////│
9│/////////│
—│—————————│
Set/unset mine marks or claim a cell as free: > 9 6 mine

 │123456789│
—│—————————│
1│/////////│
2│/////////│
3│/////////│
4│/////////│
5│//////111│
6│//////1.*│
7│//////111│
8│/////////│
9│/////////│
—│—————————│
Set/unset mine marks or claim a cell as free: > 9 6 mine

 │123456789│
—│—————————│
1│/////////│
2│/////////│
3│/////////│
4│/////////│
5│//////111│
6│//////1..│
7│//////111│
8│/////////│
9│/////////│
—│—————————│
Set/unset mine marks or claim a cell as free: > 8 6 free

 │123456789│
—│—————————│
1│/////////│
2│/////////│
3│/////////│
4│/////////│
5│//////111│
6│//////1X.│
7│//////111│
8│/////////│
9│/////////│
—│—————————│
You stepped on a mine and failed!
?[1;31m
Start test 5?[0m
How many mines do you want on the field? > 1

 │123456789│
—│—————————│
1│.........│
2│.........│
3│.........│
4│.........│
5│.........│
6│.........│
7│.........│
8│.........│
9│.........│
—│—————————│
Set/unset mine marks or claim a cell as free: > 5 9 free

 │123456789│
—│—————————│
1│/////////│
2│/////////│
3│/////111/│
4│/////1.1/│
5│/////111/│
6│/////////│
7│/////////│
8│/////////│
9│/////////│
—│—————————│
Congratulations! You found all the mines!
?[1;31m
Start test 6?[0m
How many mines do you want on the field? > 1

 │123456789│
—│—————————│
1│.........│
2│.........│
3│.........│
4│.........│
5│.........│
6│.........│
7│.........│
8│.........│
9│.........│
—│—————————│
Set/unset mine marks or claim a cell as free: > 1 6 free

 │123456789│
—│—————————│
1│/////////│
2│/////////│
3│/////////│
4│////111//│
5│////1.1//│
6│////111//│
7│/////////│
8│/////////│
9│/////////│
—│—————————│
Congratulations! You found all the mines!
?[1;31m
Start test 7?[0m
How many mines do you want on the field? > 1

 │123456789│
—│—————————│
1│.........│
2│.........│
3│.........│
4│.........│
5│.........│
6│.........│
7│.........│
8│.........│
9│.........│
—│—————————│
Set/unset mine marks or claim a cell as free: > 6 6 free

 │123456789│
—│—————————│
1│/////////│
2│/////////│
3│/////////│
4│/////////│
5│///////11│
6│///////1.│
7│///////11│
8│/////////│
9│/////////│
—│—————————│
Congratulations! You found all the mines!
?[1;31m
Start test 8?[0m
How many mines do you want on the field? > 1

 │123456789│
—│—————————│
1│.........│
2│.........│
3│.........│
4│.........│
5│.........│
6│.........│
7│.........│
8│.........│
9│.........│
—│—————————│
Set/unset mine marks or claim a cell as free: > 4 8 mine

 │123456789│
—│—————————│
1│.........│
2│.........│
3│.........│
4│.........│
5│.........│
6│.........│
7│.........│
8│...*.....│
9│.........│
—│—————————│
Set/unset mine marks or claim a cell as free: > 3 5 free

 │123456789│
—│—————————│
1│/////////│
2│/////////│
3│/////////│
4│/////////│
5│/////////│
6│//////111│
7│//////1..│
8│//////111│
9│/////////│
—│—————————│
Set/unset mine marks or claim a cell as free: > 9 7 free

 │123456789│
—│—————————│
1│/////////│
2│/////////│
3│/////////│
4│/////////│
5│/////////│
6│//////111│
7│//////1.1│
8│//////111│
9│/////////│
—│—————————│
Congratulations! You found all the mines!
?[1;31m
Start test 9?[0m
How many mines do you want on the field? > 1

 │123456789│
—│—————————│
1│.........│
2│.........│
3│.........│
4│.........│
5│.........│
6│.........│
7│.........│
8│.........│
9│.........│
—│—————————│
Set/unset mine marks or claim a cell as free: > 9 8 mine

 │123456789│
—│—————————│
1│.........│
2│.........│
3│.........│
4│.........│
5│.........│
6│.........│
7│.........│
8│........*│
9│.........│
—│—————————│
Set/unset mine marks or claim a cell as free: > 7 2 free

 │123456789│
—│—————————│
1│/////////│
2│/////////│
3│/////////│
4│111//////│
5│..1//////│
6│111//////│
7│/////////│
8│/////////│
9│/////////│
—│—————————│
Set/unset mine marks or claim a cell as free: > 2 5 free

 │123456789│
—│—————————│
1│/////////│
2│/////////│
3│/////////│
4│111//////│
5│.X1//////│
6│111//////│
7│/////////│
8│/////////│
9│/////////│
—│—————————│
You stepped on a mine and failed!
?[1;31m
Start test 10?[0m
How many mines do you want on the field? > 1

 │123456789│
—│—————————│
1│.........│
2│.........│
3│.........│
4│.........│
5│.........│
6│.........│
7│.........│
8│.........│
9│.........│
—│—————————│
Set/unset mine marks or claim a cell as free: > 8 4 free

 │123456789│
—│—————————│
1│/////////│
2│/////////│
3│/////////│
4│/////////│
5│/////////│
6│/////////│
7│/////////│
8│11///////│
9│.1///////│
—│—————————│
Congratulations! You found all the mines!
?[1;31m
Start test 11?[0m
How many mines do you want on the field? > 1

 │123456789│
—│—————————│
1│.........│
2│.........│
3│.........│
4│.........│
5│.........│
6│.........│
7│.........│
8│.........│
9│.........│
—│—————————│
Set/unset mine marks or claim a cell as free: > 2 2 mine

 │123456789│
—│—————————│
1│.........│
2│.*.......│
3│.........│
4│.........│
5│.........│
6│.........│
7│.........│
8│.........│
9│.........│
—│—————————│
Set/unset mine marks or claim a cell as free: > 9 6 mine

 │123456789│
—│—————————│
1│.........│
2│.*.......│
3│.........│
4│.........│
5│.........│
6│........*│
7│.........│
8│.........│
9│.........│
—│—————————│
Set/unset mine marks or claim a cell as free: > 4 1 free

 │123456789│
—│—————————│
1│/////////│
2│/////////│
3│/////////│
4│/////////│
5│/////////│
6│/////////│
7│////111//│
8│////1.1//│
9│////1.1//│
—│—————————│
Set/unset mine marks or claim a cell as free: > 6 8 mine

 │123456789│
—│—————————│
1│/////////│
2│/////////│
3│/////////│
4│/////////│
5│/////////│
6│/////////│
7│////111//│
8│////1*1//│
9│////1.1//│
—│—————————│
Congratulations! You found all the mines!
?[1;31m
Start test 12?[0m
How many mines do you want on the field? > 1

 │123456789│
—│—————————│
1│.........│
2│.........│
3│.........│
4│.........│
5│.........│
6│.........│
7│.........│
8│.........│
9│.........│
—│—————————│
Set/unset mine marks or claim a cell as free: > 7 3 free

 │123456789│
—│—————————│
1│/////////│
2│/////////│
3│/////////│
4│/////////│
5│/////////│
6│/////////│
7│////111//│
8│////1.1//│
9│////1.1//│
—│—————————│
Set/unset mine marks or claim a cell as free: > 6 9 mine

 │123456789│
—│—————————│
1│/////////│
2│/////////│
3│/////////│
4│/////////│
5│/////////│
6│/////////│
7│////111//│
8│////1.1//│
9│////1*1//│
—│—————————│
Set/unset mine marks or claim a cell as free: > 6 9 mine

 │123456789│
—│—————————│
1│/////////│
2│/////////│
3│/////////│
4│/////////│
5│/////////│
6│/////////│
7│////111//│
8│////1.1//│
9│////1.1//│
—│—————————│
Set/unset mine marks or claim a cell as free: > 6 8 free

 │123456789│
—│—————————│
1│/////////│
2│/////////│
3│/////////│
4│/////////│
5│/////////│
6│/////////│
7│////111//│
8│////1X1//│
9│////1.1//│
—│—————————│
You stepped on a mine and failed!
?[1;31m
Start test 13?[0m
How many mines do you want on the field? > 1

 │123456789│
—│—————————│
1│.........│
2│.........│
3│.........│
4│.........│
5│.........│
6│.........│
7│.........│
8│.........│
9│.........│
—│—————————│
Set/unset mine marks or claim a cell as free: > 5 4 free

 │123456789│
—│—————————│
1│..1//////│
2│..1//////│
3│111//////│
4│/////////│
5│/////////│
6│/////////│
7│/////////│
8│/////////│
9│/////////│
—│—————————│
Set/unset mine marks or claim a cell as free: > 1 1 mine

 │123456789│
—│—————————│
1│*.1//////│
2│..1//////│
3│111//////│
4│/////////│
5│/////////│
6│/////////│
7│/////////│
8│/////////│
9│/////////│
—│—————————│
Set/unset mine marks or claim a cell as free: > 1 1 mine

 │123456789│
—│—————————│
1│..1//////│
2│..1//////│
3│111//////│
4│/////////│
5│/////////│
6│/////////│
7│/////////│
8│/////////│
9│/////////│
—│—————————│
Set/unset mine marks or claim a cell as free: > 2 1 free

 │123456789│
—│—————————│
1│.11//////│
2│..1//////│
3│111//////│
4│/////////│
5│/////////│
6│/////////│
7│/////////│
8│/////////│
9│/////////│
—│—————————│
Set/unset mine marks or claim a cell as free: > 2 2 free

 │123456789│
—│—————————│
1│.11//////│
2│.X1//////│
3│111//////│
4│/////////│
5│/////////│
6│/////////│
7│/////////│
8│/////////│
9│/////////│
—│—————————│
You stepped on a mine and failed!
?[1;31m
Start test 14?[0m
How many mines do you want on the field? > 1

 │123456789│
—│—————————│
1│.........│
2│.........│
3│.........│
4│.........│
5│.........│
6│.........│
7│.........│
8│.........│
9│.........│
—│—————————│
Set/unset mine marks or claim a cell as free: > 4 9 free

 │123456789│
—│—————————│
1│/////////│
2│/////////│
3│/////////│
4│/////////│
5│/////////│
6│/////////│
7│////111//│
8│////1.1//│
9│////1.1//│
—│—————————│
Set/unset mine marks or claim a cell as free: > 6 8 mine

 │123456789│
—│—————————│
1│/////////│
2│/////////│
3│/////////│
4│/////////│
5│/////////│
6│/////////│
7│////111//│
8│////1*1//│
9│////1.1//│
—│—————————│
Congratulations! You found all the mines!
?[1;31m
Start test 15?[0m
How many mines do you want on the field? > 1

 │123456789│
—│—————————│
1│.........│
2│.........│
3│.........│
4│.........│
5│.........│
6│.........│
7│.........│
8│.........│
9│.........│
—│—————————│
Set/unset mine marks or claim a cell as free: > 7 3 mine

 │123456789│
—│—————————│
1│.........│
2│.........│
3│......*..│
4│.........│
5│.........│
6│.........│
7│.........│
8│.........│
9│.........│
—│—————————│
Set/unset mine marks or claim a cell as free: > 7 3 mine

 │123456789│
—│—————————│
1│.........│
2│.........│
3│.........│
4│.........│
5│.........│
6│.........│
7│.........│
8│.........│
9│.........│
—│—————————│
Set/unset mine marks or claim a cell as free: > 8 4 free

 │123456789│
—│—————————│
1│//1.1////│
2│//111////│
3│/////////│
4│/////////│
5│/////////│
6│/////////│
7│/////////│
8│/////////│
9│/////////│
—│—————————│
Congratulations! You found all the mines!
?[1;31m
Start test 16?[0m
How many mines do you want on the field? > 1

 │123456789│
—│—————————│
1│.........│
2│.........│
3│.........│
4│.........│
5│.........│
6│.........│
7│.........│
8│.........│
9│.........│
—│—————————│
Set/unset mine marks or claim a cell as free: > 8 1 free

 │123456789│
—│—————————│
1│/////////│
2│/////////│
3│/////////│
4│/////////│
5│/////////│
6│////111//│
7│////1.1//│
8│////111//│
9│/////////│
—│—————————│
Congratulations! You found all the mines!
?[1;31m
Start test 17?[0m
How many mines do you want on the field? > 1

 │123456789│
—│—————————│
1│.........│
2│.........│
3│.........│
4│.........│
5│.........│
6│.........│
7│.........│
8│.........│
9│.........│
—│—————————│
Set/unset mine marks or claim a cell as free: > 1 8 free

 │123456789│
—│—————————│
1│///////1.│
2│///////1.│
3│///////11│
4│/////////│
5│/////////│
6│/////////│
7│/////////│
8│/////////│
9│/////////│
—│—————————│
Set/unset mine marks or claim a cell as free: > 9 2 free

 │123456789│
—│—————————│
1│///////1.│
2│///////1X│
3│///////11│
4│/////////│
5│/////////│
6│/////////│
7│/////////│
8│/////////│
9│/////////│
—│—————————│
You stepped on a mine and failed!
?[1;31m
Start test 18?[0m
How many mines do you want on the field? > 1

 │123456789│
—│—————————│
1│.........│
2│.........│
3│.........│
4│.........│
5│.........│
6│.........│
7│.........│
8│.........│
9│.........│
—│—————————│
Set/unset mine marks or claim a cell as free: > 6 9 free

 │123456789│
—│—————————│
1│/////////│
2│/////////│
3│/////////│
4│//////111│
5│//////1..│
6│//////111│
7│/////////│
8│/////////│
9│/////////│
—│—————————│
Set/unset mine marks or claim a cell as free: > 8 5 free

 │123456789│
—│—————————│
1│/////////│
2│/////////│
3│/////////│
4│//////111│
5│//////1X.│
6│//////111│
7│/////////│
8│/////////│
9│/////////│
—│—————————│
You stepped on a mine and failed!
?[1;31m
Start test 19?[0m
How many mines do you want on the field? > 1

 │123456789│
—│—————————│
1│.........│
2│.........│
3│.........│
4│.........│
5│.........│
6│.........│
7│.........│
8│.........│
9│.........│
—│—————————│
Set/unset mine marks or claim a cell as free: > 4 6 free

 │123456789│
—│—————————│
1│/////////│
2│/////////│
3│/////////│
4│/////////│
5│/////////│
6│/////////│
7│11///////│
8│.1///////│
9│.1///////│
—│—————————│
Set/unset mine marks or claim a cell as free: > 1 8 free

 │123456789│
—│—————————│
1│/////////│
2│/////////│
3│/////////│
4│/////////│
5│/////////│
6│/////////│
7│11///////│
8│X1///////│
9│.1///////│
—│—————————│
You stepped on a mine and failed!
?[1;31m
Start test 20?[0m
How many mines do you want on the field? > 1

 │123456789│
—│—————————│
1│.........│
2│.........│
3│.........│
4│.........│
5│.........│
6│.........│
7│.........│
8│.........│
9│.........│
—│—————————│
Set/unset mine marks or claim a cell as free: > 2 3 free

 │123456789│
—│—————————│
1│/////////│
2│/////////│
3│/////////│
4│//////111│
5│//////1..│
6│//////111│
7│/////////│
8│/////////│
9│/////////│
—│—————————│
Set/unset mine marks or claim a cell as free: > 9 5 free

 │123456789│
—│—————————│
1│/////////│
2│/////////│
3│/////////│
4│//////111│
5│//////1.1│
6│//////111│
7│/////////│
8│/////////│
9│/////////│
—│—————————│
Congratulations! You found all the mines!
?[1;31m
Start test 21?[0m
How many mines do you want on the field? > 2

 │123456789│
—│—————————│
1│.........│
2│.........│
3│.........│
4│.........│
5│.........│
6│.........│
7│.........│
8│.........│
9│.........│
—│—————————│
Set/unset mine marks or claim a cell as free: > 6 8 mine

 │123456789│
—│—————————│
1│.........│
2│.........│
3│.........│
4│.........│
5│.........│
6│.........│
7│.........│
8│.....*...│
9│.........│
—│—————————│
Set/unset mine marks or claim a cell as free: > 8 5 mine

 │123456789│
—│—————————│
1│.........│
2│.........│
3│.........│
4│.........│
5│.......*.│
6│.........│
7│.........│
8│.....*...│
9│.........│
—│—————————│
Set/unset mine marks or claim a cell as free: > 2 7 free

 │123456789│
—│—————————│
1│/1.1/////│
2│/111/////│
3│/////////│
4│/////////│
5│/////////│
6│/////////│
7│/////////│
8│//111////│
9│//1.1////│
—│—————————│
Congratulations! You found all the mines!
?[1;31m
Start test 22?[0m
How many mines do you want on the field? > 2

 │123456789│
—│—————————│
1│.........│
2│.........│
3│.........│
4│.........│
5│.........│
6│.........│
7│.........│
8│.........│
9│.........│
—│—————————│
Set/unset mine marks or claim a cell as free: > 3 1 free

 │123456789│
—│—————————│
1│/////////│
2│/////////│
3│////111//│
4│////1.1//│
5│////111//│
6│///111///│
7│///1.1///│
8│///111///│
9│/////////│
—│—————————│
Congratulations! You found all the mines!
?[1;31m
Start test 23?[0m
How many mines do you want on the field? > 2

 │123456789│
—│—————————│
1│.........│
2│.........│
3│.........│
4│.........│
5│.........│
6│.........│
7│.........│
8│.........│
9│.........│
—│—————————│
Set/unset mine marks or claim a cell as free: > 8 7 free

 │123456789│
—│—————————│
1│//////1..│
2│//////1..│
3│//////12.│
4│///////11│
5│/////////│
6│/////////│
7│/////////│
8│/////////│
9│/////////│
—│—————————│
Set/unset mine marks or claim a cell as free: > 9 2 free

 │123456789│
—│—————————│
1│//////1..│
2│//////1.2│
3│//////12.│
4│///////11│
5│/////////│
6│/////////│
7│/////////│
8│/////////│
9│/////////│
—│—————————│
Set/unset mine marks or claim a cell as free: > 9 1 free

 │123456789│
—│—————————│
1│//////1.1│
2│//////1.2│
3│//////12.│
4│///////11│
5│/////////│
6│/////////│
7│/////////│
8│/////////│
9│/////////│
—│—————————│
Set/unset mine marks or claim a cell as free: > 8 2 mine

 │123456789│
—│—————————│
1│//////1.1│
2│//////1*2│
3│//////12.│
4│///////11│
5│/////////│
6│/////////│
7│/////////│
8│/////////│
9│/////////│
—│—————————│
Set/unset mine marks or claim a cell as free: > 8 1 free

 │123456789│
—│—————————│
1│//////111│
2│//////1*2│
3│//////12.│
4│///////11│
5│/////////│
6│/////////│
7│/////////│
8│/////////│
9│/////////│
—│—————————│
Congratulations! You found all the mines!
?[1;31m
Start test 24?[0m
How many mines do you want on the field? > 2

 │123456789│
—│—————————│
1│.........│
2│.........│
3│.........│
4│.........│
5│.........│
6│.........│
7│.........│
8│.........│
9│.........│
—│—————————│
Set/unset mine marks or claim a cell as free: > 6 2 mine

 │123456789│
—│—————————│
1│.........│
2│.....*...│
3│.........│
4│.........│
5│.........│
6│.........│
7│.........│
8│.........│
9│.........│
—│—————————│
Set/unset mine marks or claim a cell as free: > 7 8 free

 │123456789│
—│—————————│
1│/////////│
2│////111//│
3│11//1.1//│
4│.1//111//│
5│11///////│
6│/////////│
7│/////////│
8│/////////│
9│/////////│
—│—————————│
Congratulations! You found all the mines!
?[1;31m
Start test 25?[0m
How many mines do you want on the field? > 2

 │123456789│
—│—————————│
1│.........│
2│.........│
3│.........│
4│.........│
5│.........│
6│.........│
7│.........│
8│.........│
9│.........│
—│—————————│
Set/unset mine marks or claim a cell as free: > 3 6 free

 │123456789│
—│—————————│
1│/////////│
2│/////////│
3│/////////│
4│///////11│
5│///////1.│
6│/////1121│
7│/////1.1/│
8│/////111/│
9│/////////│
—│—————————│
Congratulations! You found all the mines!
?[1;31m
Start test 26?[0m
How many mines do you want on the field? > 2

 │123456789│
—│—————————│
1│.........│
2│.........│
3│.........│
4│.........│
5│.........│
6│.........│
7│.........│
8│.........│
9│.........│
—│—————————│
Set/unset mine marks or claim a cell as free: > 3 1 mine

 │123456789│
—│—————————│
1│..*......│
2│.........│
3│.........│
4│.........│
5│.........│
6│.........│
7│.........│
8│.........│
9│.........│
—│—————————│
Set/unset mine marks or claim a cell as free: > 2 7 free

 │123456789│
—│—————————│
1│/////////│
2│/////////│
3│/////////│
4│///////11│
5│///////1.│
6│///////11│
7│/////////│
8│111//////│
9│..1//////│
—│—————————│
Set/unset mine marks or claim a cell as free: > 1 9 free

 │123456789│
—│—————————│
1│/////////│
2│/////////│
3│/////////│
4│///////11│
5│///////1.│
6│///////11│
7│/////////│
8│111//////│
9│1.1//////│
—│—————————│
Congratulations! You found all the mines!
?[1;31m
Start test 27?[0m
How many mines do you want on the field? > 2

 │123456789│
—│—————————│
1│.........│
2│.........│
3│.........│
4│.........│
5│.........│
6│.........│
7│.........│
8│.........│
9│.........│
—│—————————│
Set/unset mine marks or claim a cell as free: > 4 4 mine

 │123456789│
—│—————————│
1│.........│
2│.........│
3│.........│
4│...*.....│
5│.........│
6│.........│
7│.........│
8│.........│
9│.........│
—│—————————│
Set/unset mine marks or claim a cell as free: > 4 4 mine

 │123456789│
—│—————————│
1│.........│
2│.........│
3│.........│
4│.........│
5│.........│
6│.........│
7│.........│
8│.........│
9│.........│
—│—————————│
Set/unset mine marks or claim a cell as free: > 4 6 mine

 │123456789│
—│—————————│
1│.........│
2│.........│
3│.........│
4│.........│
5│.........│
6│...*.....│
7│.........│
8│.........│
9│.........│
—│—————————│
Set/unset mine marks or claim a cell as free: > 6 3 free

 │123456789│
—│—————————│
1│/////////│
2│/////////│
3│/////////│
4│/////////│
5│/////////│
6│///111111│
7│///1.....│
8│///111111│
9│/////////│
—│—————————│
Set/unset mine marks or claim a cell as free: > 8 7 free

 │123456789│
—│—————————│
1│/////////│
2│/////////│
3│/////////│
4│/////////│
5│/////////│
6│///111111│
7│///1X..X.│
8│///111111│
9│/////////│
—│—————————│
You stepped on a mine and failed!
?[1;31m
Start test 28?[0m
How many mines do you want on the field? > 2

 │123456789│
—│—————————│
1│.........│
2│.........│
3│.........│
4│.........│
5│.........│
6│.........│
7│.........│
8│.........│
9│.........│
—│—————————│
Set/unset mine marks or claim a cell as free: > 6 1 mine

 │123456789│
—│—————————│
1│.....*...│
2│.........│
3│.........│
4│.........│
5│.........│
6│.........│
7│.........│
8│.........│
9│.........│
—│—————————│
Set/unset mine marks or claim a cell as free: > 6 1 mine

 │123456789│
—│—————————│
1│.........│
2│.........│
3│.........│
4│.........│
5│.........│
6│.........│
7│.........│
8│.........│
9│.........│
—│—————————│
Set/unset mine marks or claim a cell as free: > 9 3 free

 │123456789│
—│—————————│
1│///////1.│
2│///////11│
3│/////////│
4│///////11│
5│///////1.│
6│///////11│
7│/////////│
8│/////////│
9│/////////│
—│—————————│
Congratulations! You found all the mines!
?[1;31m
Start test 29?[0m
How many mines do you want on the field? > 2

 │123456789│
—│—————————│
1│.........│
2│.........│
3│.........│
4│.........│
5│.........│
6│.........│
7│.........│
8│.........│
9│.........│
—│—————————│
Set/unset mine marks or claim a cell as free: > 1 1 mine

 │123456789│
—│—————————│
1│*........│
2│.........│
3│.........│
4│.........│
5│.........│
6│.........│
7│.........│
8│.........│
9│.........│
—│—————————│
Set/unset mine marks or claim a cell as free: > 4 1 mine

 │123456789│
—│—————————│
1│*..*.....│
2│.........│
3│.........│
4│.........│
5│.........│
6│.........│
7│.........│
8│.........│
9│.........│
—│—————————│
Set/unset mine marks or claim a cell as free: > 1 1 mine

 │123456789│
—│—————————│
1│...*.....│
2│.........│
3│.........│
4│.........│
5│.........│
6│.........│
7│.........│
8│.........│
9│.........│
—│—————————│
Set/unset mine marks or claim a cell as free: > 1 7 mine

 │123456789│
—│—————————│
1│...*.....│
2│.........│
3│.........│
4│.........│
5│.........│
6│.........│
7│*........│
8│.........│
9│.........│
—│—————————│
Set/unset mine marks or claim a cell as free: > 4 1 mine

 │123456789│
—│—————————│
1│.........│
2│.........│
3│.........│
4│.........│
5│.........│
6│.........│
7│*........│
8│.........│
9│.........│
—│—————————│
Set/unset mine marks or claim a cell as free: > 5 2 free

 │123456789│
—│—————————│
1│/////////│
2│/////////│
3│/////////│
4│/////111/│
5│/////1.1/│
6│/////111/│
7│////111//│
8│////1.1//│
9│////1.1//│
—│—————————│
Set/unset mine marks or claim a cell as free: > 6 9 free

 │123456789│
—│—————————│
1│/////////│
2│/////////│
3│/////////│
4│/////111/│
5│/////1.1/│
6│/////111/│
7│////111//│
8│////1.1//│
9│////111//│
—│—————————│
Congratulations! You found all the mines!
?[1;31m
Start test 30?[0m
How many mines do you want on the field? > 2

 │123456789│
—│—————————│
1│.........│
2│.........│
3│.........│
4│.........│
5│.........│
6│.........│
7│.........│
8│.........│
9│.........│
—│—————————│
Set/unset mine marks or claim a cell as free: > 7 9 free

 │123456789│
—│—————————│
1│/////////│
2│/////////│
3│/////////│
4│/////////│
5│/////////│
6│//111////│
7│//1.1////│
8│//2.2////│
9│//1.1////│
—│—————————│
Set/unset mine marks or claim a cell as free: > 4 8 mine

 │123456789│
—│—————————│
1│/////////│
2│/////////│
3│/////////│
4│/////////│
5│/////////│
6│//111////│
7│//1.1////│
8│//2*2////│
9│//1.1////│
—│—————————│
Set/unset mine marks or claim a cell as free: > 4 8 mine

 │123456789│
—│—————————│
1│/////////│
2│/////////│
3│/////////│
4│/////////│
5│/////////│
6│//111////│
7│//1.1////│
8│//2.2////│
9│//1.1////│
—│—————————│
Set/unset mine marks or claim a cell as free: > 4 8 free

 │123456789│
—│—————————│
1│/////////│
2│/////////│
3│/////////│
4│/////////│
5│/////////│
6│//111////│
7│//1.1////│
8│//222////│
9│//1.1////│
—│—————————│
Congratulations! You found all the mines!
?[1;31m
Start test 31?[0m
How many mines do you want on the field? > 2

 │123456789│
—│—————————│
1│.........│
2│.........│
3│.........│
4│.........│
5│.........│
6│.........│
7│.........│
8│.........│
9│.........│
—│—————————│
Set/unset mine marks or claim a cell as free: > 4 4 free

 │123456789│
—│—————————│
1│/////////│
2│111//////│
3│..1//////│
4│111//////│
5│/////////│
6│/////111/│
7│/////1.1/│
8│/////111/│
9│/////////│
—│—————————│
Set/unset mine marks or claim a cell as free: > 1 3 free

 │123456789│
—│—————————│
1│/////////│
2│111//////│
3│1.1//////│
4│111//////│
5│/////////│
6│/////111/│
7│/////1.1/│
8│/////111/│
9│/////////│
—│—————————│
Congratulations! You found all the mines!
?[1;31m
Start test 32?[0m
How many mines do you want on the field? > 2

 │123456789│
—│—————————│
1│.........│
2│.........│
3│.........│
4│.........│
5│.........│
6│.........│
7│.........│
8│.........│
9│.........│
—│—————————│
Set/unset mine marks or claim a cell as free: > 3 7 free

 │123456789│
—│—————————│
1│/////////│
2│/////////│
3│//111////│
4│//1.1////│
5│//111////│
6│/////////│
7│/////////│
8│/111/////│
9│/1.1/////│
—│—————————│
Congratulations! You found all the mines!
?[1;31m
Start test 33?[0m
How many mines do you want on the field? > 2

 │123456789│
—│—————————│
1│.........│
2│.........│
3│.........│
4│.........│
5│.........│
6│.........│
7│.........│
8│.........│
9│.........│
—│—————————│
Set/unset mine marks or claim a cell as free: > 5 5 mine

 │123456789│
—│—————————│
1│.........│
2│.........│
3│.........│
4│.........│
5│....*....│
6│.........│
7│.........│
8│.........│
9│.........│
—│—————————│
Set/unset mine marks or claim a cell as free: > 1 1 free

 │123456789│
—│—————————│
1│/////////│
2│//111////│
3│//1.1////│
4│//111////│
5│/////////│
6│///111///│
7│///1.1///│
8│///111///│
9│/////////│
—│—————————│
Congratulations! You found all the mines!
?[1;31m
Start test 34?[0m
How many mines do you want on the field? > 2

 │123456789│
—│—————————│
1│.........│
2│.........│
3│.........│
4│.........│
5│.........│
6│.........│
7│.........│
8│.........│
9│.........│
—│—————————│
Set/unset mine marks or claim a cell as free: > 9 8 mine

 │123456789│
—│—————————│
1│.........│
2│.........│
3│.........│
4│.........│
5│.........│
6│.........│
7│.........│
8│........*│
9│.........│
—│—————————│
Set/unset mine marks or claim a cell as free: > 4 3 mine

 │123456789│
—│—————————│
1│.........│
2│.........│
3│...*.....│
4│.........│
5│.........│
6│.........│
7│.........│
8│........*│
9│.........│
—│—————————│
Set/unset mine marks or claim a cell as free: > 2 2 mine

 │123456789│
—│—————————│
1│.........│
2│.*.......│
3│...*.....│
4│.........│
5│.........│
6│.........│
7│.........│
8│........*│
9│.........│
—│—————————│
Set/unset mine marks or claim a cell as free: > 7 2 mine

 │123456789│
—│—————————│
1│.........│
2│.*....*..│
3│...*.....│
4│.........│
5│.........│
6│.........│
7│.........│
8│........*│
9│.........│
—│—————————│
Set/unset mine marks or claim a cell as free: > 2 2 mine

 │123456789│
—│—————————│
1│.........│
2│......*..│
3│...*.....│
4│.........│
5│.........│
6│.........│
7│.........│
8│........*│
9│.........│
—│—————————│
Set/unset mine marks or claim a cell as free: > 6 8 free

 │123456789│
—│—————————│
1│/////////│
2│/////////│
3│/////////│
4│///////11│
5│///////1.│
6│///////11│
7│/////////│
8│///////11│
9│///////1.│
—│—————————│
Congratulations! You found all the mines!
?[1;31m
Start test 35?[0m
How many mines do you want on the field? > 2

 │123456789│
—│—————————│
1│.........│
2│.........│
3│.........│
4│.........│
5│.........│
6│.........│
7│.........│
8│.........│
9│.........│
—│—————————│
Set/unset mine marks or claim a cell as free: > 3 9 free

 │123456789│
—│—————————│
1│/////////│
2│/////////│
3│/////////│
4│/////111/│
5│//1111.1/│
6│//1.1111/│
7│//111////│
8│/////////│
9│/////////│
—│—————————│
Congratulations! You found all the mines!
?[1;31m
Start test 36?[0m
How many mines do you want on the field? > 2

 │123456789│
—│—————————│
1│.........│
2│.........│
3│.........│
4│.........│
5│.........│
6│.........│
7│.........│
8│.........│
9│.........│
—│—————————│
Set/unset mine marks or claim a cell as free: > 4 9 free

 │123456789│
—│—————————│
1│.1//1.1//│
2│.1//1.1//│
3│11//111//│
4│/////////│
5│/////////│
6│/////////│
7│/////////│
8│/////////│
9│/////////│
—│—————————│
Set/unset mine marks or claim a cell as free: > 6 2 free

 │123456789│
—│—————————│
1│.1//1.1//│
2│X1//1X1//│
3│11//111//│
4│/////////│
5│/////////│
6│/////////│
7│/////////│
8│/////////│
9│/////////│
—│—————————│
You stepped on a mine and failed!
?[1;31m
Start test 37?[0m
How many mines do you want on the field? > 2

 │123456789│
—│—————————│
1│.........│
2│.........│
3│.........│
4│.........│
5│.........│
6│.........│
7│.........│
8│.........│
9│.........│
—│—————————│
Set/unset mine marks or claim a cell as free: > 2 9 free

 │123456789│
—│—————————│
1│/////////│
2│/111/////│
3│/2.2/////│
4│/2.2/////│
5│/111/////│
6│/////////│
7│/////////│
8│/////////│
9│/////////│
—│—————————│
Congratulations! You found all the mines!
?[1;31m
Start test 38?[0m
How many mines do you want on the field? > 2

 │123456789│
—│—————————│
1│.........│
2│.........│
3│.........│
4│.........│
5│.........│
6│.........│
7│.........│
8│.........│
9│.........│
—│—————————│
Set/unset mine marks or claim a cell as free: > 7 1 free

 │123456789│
—│—————————│
1│/1.1/////│
2│/1.1/////│
3│/111/////│
4│/////////│
5│/////////│
6│/111/////│
7│/1.1/////│
8│/111/////│
9│/////////│
—│—————————│
Set/unset mine marks or claim a cell as free: > 3 7 free

 │123456789│
—│—————————│
1│/1.1/////│
2│/1X1/////│
3│/111/////│
4│/////////│
5│/////////│
6│/111/////│
7│/1X1/////│
8│/111/////│
9│/////////│
—│—————————│
You stepped on a mine and failed!
?[1;31m
Start test 39?[0m
How many mines do you want on the field? > 2

 │123456789│
—│—————————│
1│.........│
2│.........│
3│.........│
4│.........│
5│.........│
6│.........│
7│.........│
8│.........│
9│.........│
—│—————————│
Set/unset mine marks or claim a cell as free: > 3 3 free

 │123456789│
—│—————————│
1│/////////│
2│/////////│
3│/////////│
4│//111////│
5│//1.1////│
6│//1221///│
7│///1.1///│
8│///111///│
9│/////////│
—│—————————│
Congratulations! You found all the mines!
?[1;31m
Start test 40?[0m
How many mines do you want on the field? > 2

 │123456789│
—│—————————│
1│.........│
2│.........│
3│.........│
4│.........│
5│.........│
6│.........│
7│.........│
8│.........│
9│.........│
—│—————————│
Set/unset mine marks or claim a cell as free: > 9 8 free

 │123456789│
—│—————————│
1│/////////│
2│/////////│
3│/////////│
4│/////////│
5│/////////│
6│/////////│
7│221//////│
8│..1//////│
9│..1//////│
—│—————————│
Set/unset mine marks or claim a cell as free: > 1 9 free

 │123456789│
—│—————————│
1│/////////│
2│/////////│
3│/////////│
4│/////////│
5│/////////│
6│/////////│
7│221//////│
8│..1//////│
9│2.1//////│
—│—————————│
Set/unset mine marks or claim a cell as free: > 1 8 mine

 │123456789│
—│—————————│
1│/////////│
2│/////////│
3│/////////│
4│/////////│
5│/////////│
6│/////////│
7│221//////│
8│*.1//////│
9│2.1//////│
—│—————————│
Set/unset mine marks or claim a cell as free: > 2 8 mine

 │123456789│
—│—————————│
1│/////////│
2│/////////│
3│/////////│
4│/////////│
5│/////////│
6│/////////│
7│221//////│
8│**1//////│
9│2.1//////│
—│—————————│
Congratulations! You found all the mines!
?[1;31m
Start test 41?[0m
How many mines do you want on the field? > 3

 │123456789│
—│—————————│
1│.........│
2│.........│
3│.........│
4│.........│
5│.........│
6│.........│
7│.........│
8│.........│
9│.........│
—│—————————│
Set/unset mine marks or claim a cell as free: > 8 6 free

 │123456789│
—│—————————│
1│.1///////│
2│.1//111//│
3│11//1.1//│
4│////111//│
5│/////////│
6│/////////│
7│//111////│
8│//1.1////│
9│//1.1////│
—│—————————│
Set/unset mine marks or claim a cell as free: > 6 3 free

 │123456789│
—│—————————│
1│.1///////│
2│X1//111//│
3│11//1X1//│
4│////111//│
5│/////////│
6│/////////│
7│//111////│
8│//1X1////│
9│//1.1////│
—│—————————│
You stepped on a mine and failed!
?[1;31m
Start test 42?[0m
How many mines do you want on the field? > 3

 │123456789│
—│—————————│
1│.........│
2│.........│
3│.........│
4│.........│
5│.........│
6│.........│
7│.........│
8│.........│
9│.........│
—│—————————│
Set/unset mine marks or claim a cell as free: > 3 9 free

 │123456789│
—│—————————│
1│///////1.│
2│///////11│
3│///111///│
4│//12.1///│
5│//1.21///│
6│//111////│
7│/////////│
8│/////////│
9│/////////│
—│—————————│
Congratulations! You found all the mines!
?[1;31m
Start test 43?[0m
How many mines do you want on the field? > 3

 │123456789│
—│—————————│
1│.........│
2│.........│
3│.........│
4│.........│
5│.........│
6│.........│
7│.........│
8│.........│
9│.........│
—│—————————│
Set/unset mine marks or claim a cell as free: > 4 3 free

 │123456789│
—│—————————│
1│//1.1////│
2│//111////│
3│/////////│
4│/////////│
5│/////////│
6│/////////│
7│/////////│
8│/111///11│
9│/1.1///1.│
—│—————————│
Congratulations! You found all the mines!
?[1;31m
Start test 44?[0m
How many mines do you want on the field? > 3

 │123456789│
—│—————————│
1│.........│
2│.........│
3│.........│
4│.........│
5│.........│
6│.........│
7│.........│
8│.........│
9│.........│
—│—————————│
Set/unset mine marks or claim a cell as free: > 4 1 mine

 │123456789│
—│—————————│
1│...*.....│
2│.........│
3│.........│
4│.........│
5│.........│
6│.........│
7│.........│
8│.........│
9│.........│
—│—————————│
Set/unset mine marks or claim a cell as free: > 2 4 free

 │123456789│
—│—————————│
1│/////////│
2│/////////│
3│//111////│
4│//1.1////│
5│//111////│
6│/////////│
7│111//////│
8│..2//////│
9│..2//////│
—│—————————│
Set/unset mine marks or claim a cell as free: > 4 4 free

 │123456789│
—│—————————│
1│/////////│
2│/////////│
3│//111////│
4│//1X1////│
5│//111////│
6│/////////│
7│111//////│
8│.X2//////│
9│.X2//////│
—│—————————│
You stepped on a mine and failed!
?[1;31m
Start test 45?[0m
How many mines do you want on the field? > 3

 │123456789│
—│—————————│
1│.........│
2│.........│
3│.........│
4│.........│
5│.........│
6│.........│
7│.........│
8│.........│
9│.........│
—│—————————│
Set/unset mine marks or claim a cell as free: > 7 6 mine

 │123456789│
—│—————————│
1│.........│
2│.........│
3│.........│
4│.........│
5│.........│
6│......*..│
7│.........│
8│.........│
9│.........│
—│—————————│
Set/unset mine marks or claim a cell as free: > 7 6 mine

 │123456789│
—│—————————│
1│.........│
2│.........│
3│.........│
4│.........│
5│.........│
6│.........│
7│.........│
8│.........│
9│.........│
—│—————————│
Set/unset mine marks or claim a cell as free: > 7 7 mine

 │123456789│
—│—————————│
1│.........│
2│.........│
3│.........│
4│.........│
5│.........│
6│.........│
7│......*..│
8│.........│
9│.........│
—│—————————│
Set/unset mine marks or claim a cell as free: > 3 5 free

 │123456789│
—│—————————│
1│/////////│
2│/////////│
3│/////111/│
4│/////1.1/│
5│/////111/│
6│/////////│
7│/111///11│
8│/1.1///1.│
9│/1.1///1.│
—│—————————│
Set/unset mine marks or claim a cell as free: > 7 4 mine

 │123456789│
—│—————————│
1│/////////│
2│/////////│
3│/////111/│
4│/////1*1/│
5│/////111/│
6│/////////│
7│/111///11│
8│/1.1///1.│
9│/1.1///1.│
—│—————————│
Set/unset mine marks or claim a cell as free: > 9 8 mine

 │123456789│
—│—————————│
1│/////////│
2│/////////│
3│/////111/│
4│/////1*1/│
5│/////111/│
6│/////////│
7│/111///11│
8│/1.1///1*│
9│/1.1///1.│
—│—————————│
Set/unset mine marks or claim a cell as free: > 7 4 mine

 │123456789│
—│—————————│
1│/////////│
2│/////////│
3│/////111/│
4│/////1.1/│
5│/////111/│
6│/////////│
7│/111///11│
8│/1.1///1*│
9│/1.1///1.│
—│—————————│
Set/unset mine marks or claim a cell as free: > 3 9 free

 │123456789│
—│—————————│
1│/////////│
2│/////////│
3│/////111/│
4│/////1.1/│
5│/////111/│
6│/////////│
7│/111///11│
8│/1.1///1*│
9│/111///1.│
—│—————————│
Set/unset mine marks or claim a cell as free: > 7 4 free

 │123456789│
—│—————————│
1│/////////│
2│/////////│
3│/////111/│
4│/////1X1/│
5│/////111/│
6│/////////│
7│/111///11│
8│/1X1///1X│
9│/111///1.│
—│—————————│
You stepped on a mine and failed!
?[1;31m
Start test 46?[0m
How many mines do you want on the field? > 3

 │123456789│
—│—————————│
1│.........│
2│.........│
3│.........│
4│.........│
5│.........│
6│.........│
7│.........│
8│.........│
9│.........│
—│—————————│
Set/unset mine marks or claim a cell as free: > 3 8 mine

 │123456789│
—│—————————│
1│.........│
2│.........│
3│.........│
4│.........│
5│.........│
6│.........│
7│.........│
8│..*......│
9│.........│
—│—————————│
Set/unset mine marks or claim a cell as free: > 7 5 mine

 │123456789│
—│—————————│
1│.........│
2│.........│
3│.........│
4│.........│
5│......*..│
6│.........│
7│.........│
8│..*......│
9│.........│
—│—————————│
Set/unset mine marks or claim a cell as free: > 6 7 free

 │123456789│
—│—————————│
1│//////1..│
2│//////111│
3│/////////│
4│/////////│
5│111//////│
6│..1//////│
7│111//////│
8│/////111/│
9│/////1.1/│
—│—————————│
Set/unset mine marks or claim a cell as free: > 7 9 mine

 │123456789│
—│—————————│
1│//////1..│
2│//////111│
3│/////////│
4│/////////│
5│111//////│
6│..1//////│
7│111//////│
8│/////111/│
9│/////1*1/│
—│—————————│
Set/unset mine marks or claim a cell as free: > 9 1 mine

 │123456789│
—│—————————│
1│//////1.*│
2│//////111│
3│/////////│
4│/////////│
5│111//////│
6│..1//////│
7│111//////│
8│/////111/│
9│/////1*1/│
—│—————————│
Set/unset mine marks or claim a cell as free: > 9 1 mine

 │123456789│
—│—————————│
1│//////1..│
2│//////111│
3│/////////│
4│/////////│
5│111//////│
6│..1//////│
7│111//////│
8│/////111/│
9│/////1*1/│
—│—————————│
Set/unset mine marks or claim a cell as free: > 2 6 free

 │123456789│
—│—————————│
1│//////1X.│
2│//////111│
3│/////////│
4│/////////│
5│111//////│
6│.X1//////│
7│111//////│
8│/////111/│
9│/////1X1/│
—│—————————│
You stepped on a mine and failed!
?[1;31m
Start test 47?[0m
How many mines do you want on the field? > 3

 │123456789│
—│—————————│
1│.........│
2│.........│
3│.........│
4│.........│
5│.........│
6│.........│
7│.........│
8│.........│
9│.........│
—│—————————│
Set/unset mine marks or claim a cell as free: > 7 6 mine

 │123456789│
—│—————————│
1│.........│
2│.........│
3│.........│
4│.........│
5│.........│
6│......*..│
7│.........│
8│.........│
9│.........│
—│—————————│
Set/unset mine marks or claim a cell as free: > 1 5 free

 │123456789│
—│—————————│
1│/////////│
2│/////////│
3│/////////│
4│/////////│
5│////11111│
6│////1.*..│
7│////11111│
8│11///////│
9│.1///////│
—│—————————│
Set/unset mine marks or claim a cell as free: > 7 6 mine

 │123456789│
—│—————————│
1│/////////│
2│/////////│
3│/////////│
4│/////////│
5│////11111│
6│////1....│
7│////11111│
8│11///////│
9│.1///////│
—│—————————│
Set/unset mine marks or claim a cell as free: > 7 6 free

 │123456789│
—│—————————│
1│/////////│
2│/////////│
3│/////////│
4│/////////│
5│////11111│
6│////1.1..│
7│////11111│
8│11///////│
9│.1///////│
—│—————————│
Set/unset mine marks or claim a cell as free: > 1 9 free

 │123456789│
—│—————————│
1│/////////│
2│/////////│
3│/////////│
4│/////////│
5│////11111│
6│////1X1.X│
7│////11111│
8│11///////│
9│X1///////│
—│—————————│
You stepped on a mine and failed!
?[1;31m
Start test 48?[0m
How many mines do you want on the field? > 3

 │123456789│
—│—————————│
1│.........│
2│.........│
3│.........│
4│.........│
5│.........│
6│.........│
7│.........│
8│.........│
9│.........│
—│—————————│
Set/unset mine marks or claim a cell as free: > 2 9 free

 │123456789│
—│—————————│
1│/////1.1/│
2│/////1.1/│
3│/////111/│
4│/////////│
5│/////////│
6│/////111/│
7│/////1.1/│
8│/////1121│
9│///////1.│
—│—————————│
Set/unset mine marks or claim a cell as free: > 7 1 free

 │123456789│
—│—————————│
1│/////111/│
2│/////1.1/│
3│/////111/│
4│/////////│
5│/////////│
6│/////111/│
7│/////1.1/│
8│/////1121│
9│///////1.│
—│—————————│
Congratulations! You found all the mines!
?[1;31m
Start test 49?[0m
How many mines do you want on the field? > 3

 │123456789│
—│—————————│
1│.........│
2│.........│
3│.........│
4│.........│
5│.........│
6│.........│
7│.........│
8│.........│
9│.........│
—│—————————│
Set/unset mine marks or claim a cell as free: > 7 8 free

 │123456789│
—│—————————│
1│..1//////│
2│..1//////│
3│111//////│
4│////111//│
5│////1.21/│
6│////12.1/│
7│/////111/│
8│/////////│
9│/////////│
—│—————————│
Set/unset mine marks or claim a cell as free: > 7 6 mine

 │123456789│
—│—————————│
1│..1//////│
2│..1//////│
3│111//////│
4│////111//│
5│////1.21/│
6│////12*1/│
7│/////111/│
8│/////////│
9│/////////│
—│—————————│
Set/unset mine marks or claim a cell as free: > 1 2 free

 │123456789│
—│—————————│
1│..1//////│
2│1.1//////│
3│111//////│
4│////111//│
5│////1.21/│
6│////12*1/│
7│/////111/│
8│/////////│
9│/////////│
—│—————————│
Set/unset mine marks or claim a cell as free: > 1 1 free

 │123456789│
—│—————————│
1│1.1//////│
2│1.1//////│
3│111//////│
4│////111//│
5│////1.21/│
6│////12*1/│
7│/////111/│
8│/////////│
9│/////////│
—│—————————│
Set/unset mine marks or claim a cell as free: > 2 2 free

 │123456789│
—│—————————│
1│1.1//////│
2│1X1//////│
3│111//////│
4│////111//│
5│////1X21/│
6│////12X1/│
7│/////111/│
8│/////////│
9│/////////│
—│—————————│
You stepped on a mine and failed!
?[1;31m
Start test 50?[0m
How many mines do you want on the field? > 3

 │123456789│
—│—————————│
1│.........│
2│.........│
3│.........│
4│.........│
5│.........│
6│.........│
7│.........│
8│.........│
9│.........│
—│—————————│
Set/unset mine marks or claim a cell as free: > 6 4 free

 │123456789│
—│—————————│
1│//////1..│
2│//////111│
3│111//////│
4│..1//////│
5│111//////│
6│/////////│
7│/////////│
8│//////111│
9│//////1..│
—│—————————│
Set/unset mine marks or claim a cell as free: > 8 9 mine

 │123456789│
—│—————————│
1│//////1..│
2│//////111│
3│111//////│
4│..1//////│
5│111//////│
6│/////////│
7│/////////│
8│//////111│
9│//////1*.│
—│—————————│
Set/unset mine marks or claim a cell as free: > 9 1 free

 │123456789│
—│—————————│
1│//////1.1│
2│//////111│
3│111//////│
4│..1//////│
5│111//////│
6│/////////│
7│/////////│
8│//////111│
9│//////1*.│
—│—————————│
Set/unset mine marks or claim a cell as free: > 8 9 mine

 │123456789│
—│—————————│
1│//////1.1│
2│//////111│
3│111//////│
4│..1//////│
5│111//////│
6│/////////│
7│/////////│
8│//////111│
9│//////1..│
—│—————————│
Set/unset mine marks or claim a cell as free: > 2 4 mine

 │123456789│
—│—————————│
1│//////1.1│
2│//////111│
3│111//////│
4│.*1//////│
5│111//////│
6│/////////│
7│/////////│
8│//////111│
9│//////1..│
—│—————————│
Set/unset mine marks or claim a cell as free: > 1 4 free

 │123456789│
—│—————————│
1│//////1.1│
2│//////111│
3│111//////│
4│1*1//////│
5│111//////│
6│/////////│
7│/////////│
8│//////111│
9│//////1..│
—│—————————│
Set/unset mine marks or claim a cell as free: > 9 9 free

 │123456789│
—│—————————│
1│//////1.1│
2│//////111│
3│111//////│
4│1*1//////│
5│111//////│
6│/////////│
7│/////////│
8│//////111│
9│//////1.1│
—│—————————│
Congratulations! You found all the mines!
?[1;31m
Start test 51?[0m
How many mines do you want on the field? > 3

 │123456789│
—│—————————│
1│.........│
2│.........│
3│.........│
4│.........│
5│.........│
6│.........│
7│.........│
8│.........│
9│.........│
—│—————————│
Set/unset mine marks or claim a cell as free: > 5 3 mine

 │123456789│
—│—————————│
1│.........│
2│.........│
3│....*....│
4│.........│
5│.........│
6│.........│
7│.........│
8│.........│
9│.........│
—│—————————│
Set/unset mine marks or claim a cell as free: > 5 3 mine

 │123456789│
—│—————————│
1│.........│
2│.........│
3│.........│
4│.........│
5│.........│
6│.........│
7│.........│
8│.........│
9│.........│
—│—————————│
Set/unset mine marks or claim a cell as free: > 8 7 free

 │123456789│
—│—————————│
1│/////////│
2│/////////│
3│///////11│
4│////1111.│
5│////1.111│
6│////2.2//│
7│////1.1//│
8│////111//│
9│/////////│
—│—————————│
Set/unset mine marks or claim a cell as free: > 6 7 free

 │123456789│
—│—————————│
1│/////////│
2│/////////│
3│///////11│
4│////1111X│
5│////1X111│
6│////2.2//│
7│////1X1//│
8│////111//│
9│/////////│
—│—————————│
You stepped on a mine and failed!
?[1;31m
Start test 52?[0m
How many mines do you want on the field? > 3

 │123456789│
—│—————————│
1│.........│
2│.........│
3│.........│
4│.........│
5│.........│
6│.........│
7│.........│
8│.........│
9│.........│
—│—————————│
Set/unset mine marks or claim a cell as free: > 1 7 mine

 │123456789│
—│—————————│
1│.........│
2│.........│
3│.........│
4│.........│
5│.........│
6│.........│
7│*........│
8│.........│
9│.........│
—│—————————│
Set/unset mine marks or claim a cell as free: > 1 7 mine

 │123456789│
—│—————————│
1│.........│
2│.........│
3│.........│
4│.........│
5│.........│
6│.........│
7│.........│
8│.........│
9│.........│
—│—————————│
Set/unset mine marks or claim a cell as free: > 9 1 mine

 │123456789│
—│—————————│
1│........*│
2│.........│
3│.........│
4│.........│
5│.........│
6│.........│
7│.........│
8│.........│
9│.........│
—│—————————│
Set/unset mine marks or claim a cell as free: > 8 4 free

 │123456789│
—│—————————│
1│/////////│
2│/////////│
3│111//////│
4│..1//////│
5│111//////│
6│/111/////│
7│/1.1///11│
8│/111///1.│
9│///////1.│
—│—————————│
Set/unset mine marks or claim a cell as free: > 9 9 free

 │123456789│
—│—————————│
1│/////////│
2│/////////│
3│111//////│
4│..1//////│
5│111//////│
6│/111/////│
7│/1.1///11│
8│/111///1.│
9│///////11│
—│—————————│
Set/unset mine marks or claim a cell as free: > 2 4 mine

 │123456789│
—│—————————│
1│/////////│
2│/////////│
3│111//////│
4│.*1//////│
5│111//////│
6│/111/////│
7│/1.1///11│
8│/111///1.│
9│///////11│
—│—————————│
Set/unset mine marks or claim a cell as free: > 3 7 mine

 │123456789│
—│—————————│
1│/////////│
2│/////////│
3│111//////│
4│.*1//////│
5│111//////│
6│/111/////│
7│/1*1///11│
8│/111///1.│
9│///////11│
—│—————————│
Set/unset mine marks or claim a cell as free: > 1 4 mine

 │123456789│
—│—————————│
1│/////////│
2│/////////│
3│111//////│
4│**1//////│
5│111//////│
6│/111/////│
7│/1*1///11│
8│/111///1.│
9│///////11│
—│—————————│
Set/unset mine marks or claim a cell as free: > 9 8 mine

 │123456789│
—│—————————│
1│/////////│
2│/////////│
3│111//////│
4│**1//////│
5│111//////│
6│/111/////│
7│/1*1///11│
8│/111///1*│
9│///////11│
—│—————————│
Set/unset mine marks or claim a cell as free: > 9 8 mine

 │123456789│
—│—————————│
1│/////////│
2│/////////│
3│111//////│
4│**1//////│
5│111//////│
6│/111/////│
7│/1*1///11│
8│/111///1.│
9│///////11│
—│—————————│
Set/unset mine marks or claim a cell as free: > 9 8 free

 │123456789│
—│—————————│
1│/////////│
2│/////////│
3│111//////│
4│.X1//////│
5│111//////│
6│/111/////│
7│/1X1///11│
8│/111///1X│
9│///////11│
—│—————————│
You stepped on a mine and failed!
?[1;31m
Start test 53?[0m
How many mines do you want on the field? > 3

 │123456789│
—│—————————│
1│.........│
2│.........│
3│.........│
4│.........│
5│.........│
6│.........│
7│.........│
8│.........│
9│.........│
—│—————————│
Set/unset mine marks or claim a cell as free: > 3 5 free

 │123456789│
—│—————————│
1│......1//│
2│.211111//│
3│11///////│
4│/////////│
5│/////////│
6│/////////│
7│/////////│
8│/////////│
9│/////////│
—│—————————│
Set/unset mine marks or claim a cell as free: > 3 1 mine

 │123456789│
—│—————————│
1│..*...1//│
2│.211111//│
3│11///////│
4│/////////│
5│/////////│
6│/////////│
7│/////////│
8│/////////│
9│/////////│
—│—————————│
Set/unset mine marks or claim a cell as free: > 1 2 free

 │123456789│
—│—————————│
1│..X..X1//│
2│X211111//│
3│11///////│
4│/////////│
5│/////////│
6│/////////│
7│/////////│
8│/////////│
9│/////////│
—│—————————│
You stepped on a mine and failed!
?[1;31m
Start test 54?[0m
How many mines do you want on the field? > 3

 │123456789│
—│—————————│
1│.........│
2│.........│
3│.........│
4│.........│
5│.........│
6│.........│
7│.........│
8│.........│
9│.........│
—│—————————│
Set/unset mine marks or claim a cell as free: > 6 5 free

 │123456789│
—│—————————│
1│.1///////│
2│.1///////│
3│11///////│
4│/111/////│
5│/1.1/////│
6│/111/////│
7│/////////│
8│//////111│
9│//////1..│
—│—————————│
Set/unset mine marks or claim a cell as free: > 9 9 mine

 │123456789│
—│—————————│
1│.1///////│
2│.1///////│
3│11///////│
4│/111/////│
5│/1.1/////│
6│/111/////│
7│/////////│
8│//////111│
9│//////1.*│
—│—————————│
Set/unset mine marks or claim a cell as free: > 1 2 mine

 │123456789│
—│—————————│
1│.1///////│
2│*1///////│
3│11///////│
4│/111/////│
5│/1.1/////│
6│/111/////│
7│/////////│
8│//////111│
9│//////1.*│
—│—————————│
Set/unset mine marks or claim a cell as free: > 3 5 free

 │123456789│
—│—————————│
1│.1///////│
2│X1///////│
3│11///////│
4│/111/////│
5│/1X1/////│
6│/111/////│
7│/////////│
8│//////111│
9│//////1X.│
—│—————————│
You stepped on a mine and failed!
?[1;31m
Start test 55?[0m
How many mines do you want on the field? > 3

 │123456789│
—│—————————│
1│.........│
2│.........│
3│.........│
4│.........│
5│.........│
6│.........│
7│.........│
8│.........│
9│.........│
—│—————————│
Set/unset mine marks or claim a cell as free: > 6 6 mine

 │123456789│
—│—————————│
1│.........│
2│.........│
3│.........│
4│.........│
5│.........│
6│.....*...│
7│.........│
8│.........│
9│.........│
—│—————————│
Set/unset mine marks or claim a cell as free: > 6 6 mine

 │123456789│
—│—————————│
1│.........│
2│.........│
3│.........│
4│.........│
5│.........│
6│.........│
7│.........│
8│.........│
9│.........│
—│—————————│
Set/unset mine marks or claim a cell as free: > 2 6 free

 │123456789│
—│—————————│
1│///////1.│
2│/111///1.│
3│/1.1///11│
4│/111/////│
5│///////11│
6│///////1.│
7│///////11│
8│/////////│
9│/////////│
—│—————————│
Set/unset mine marks or claim a cell as free: > 9 6 free

 │123456789│
—│—————————│
1│///////1.│
2│/111///1X│
3│/1X1///11│
4│/111/////│
5│///////11│
6│///////1X│
7│///////11│
8│/////////│
9│/////////│
—│—————————│
You stepped on a mine and failed!
?[1;31m
Start test 56?[0m
How many mines do you want on the field? > 3

 │123456789│
—│—————————│
1│.........│
2│.........│
3│.........│
4│.........│
5│.........│
6│.........│
7│.........│
8│.........│
9│.........│
—│—————————│
Set/unset mine marks or claim a cell as free: > 1 1 free

 │123456789│
—│—————————│
1│/////1...│
2│/////1121│
3│/////////│
4│/////111/│
5│/////1.1/│
6│/////111/│
7│/////////│
8│/////////│
9│/////////│
—│—————————│
Set/unset mine marks or claim a cell as free: > 8 1 free

 │123456789│
—│—————————│
1│/////1.2.│
2│/////1121│
3│/////////│
4│/////111/│
5│/////1.1/│
6│/////111/│
7│/////////│
8│/////////│
9│/////////│
—│—————————│
Congratulations! You found all the mines!
?[1;31m
Start test 57?[0m
How many mines do you want on the field? > 3

 │123456789│
—│—————————│
1│.........│
2│.........│
3│.........│
4│.........│
5│.........│
6│.........│
7│.........│
8│.........│
9│.........│
—│—————————│
Set/unset mine marks or claim a cell as free: > 5 4 mine

 │123456789│
—│—————————│
1│.........│
2│.........│
3│.........│
4│....*....│
5│.........│
6│.........│
7│.........│
8│.........│
9│.........│
—│—————————│
Set/unset mine marks or claim a cell as free: > 9 5 free

 │123456789│
—│—————————│
1│/////////│
2│//////111│
3│//////1..│
4│//////111│
5│/////111/│
6│///112.1/│
7│///1.211/│
8│///111///│
9│/////////│
—│—————————│
Set/unset mine marks or claim a cell as free: > 5 7 free

 │123456789│
—│—————————│
1│/////////│
2│//////111│
3│//////1X.│
4│//////111│
5│/////111/│
6│///112X1/│
7│///1X211/│
8│///111///│
9│/////////│
—│—————————│
You stepped on a mine and failed!
?[1;31m
Start test 58?[0m
How many mines do you want on the field? > 3

 │123456789│
—│—————————│
1│.........│
2│.........│
3│.........│
4│.........│
5│.........│
6│.........│
7│.........│
8│.........│
9│.........│
—│—————————│
Set/unset mine marks or claim a cell as free: > 5 3 free

 │123456789│
—│—————————│
1│..1//1.1/│
2│111//111/│
3│/////////│
4│/////////│
5│/////////│
6│/////////│
7│/////////│
8│///111///│
9│///1.1///│
—│—————————│
Set/unset mine marks or claim a cell as free: > 1 1 free

 │123456789│
—│—————————│
1│1.1//1.1/│
2│111//111/│
3│/////////│
4│/////////│
5│/////////│
6│/////////│
7│/////////│
8│///111///│
9│///1.1///│
—│—————————│
Congratulations! You found all the mines!
?[1;31m
Start test 59?[0m
How many mines do you want on the field? > 3

 │123456789│
—│—————————│
1│.........│
2│.........│
3│.........│
4│.........│
5│.........│
6│.........│
7│.........│
8│.........│
9│.........│
—│—————————│
Set/unset mine marks or claim a cell as free: > 3 2 mine

 │123456789│
—│—————————│
1│.........│
2│..*......│
3│.........│
4│.........│
5│.........│
6│.........│
7│.........│
8│.........│
9│.........│
—│—————————│
Set/unset mine marks or claim a cell as free: > 9 4 free

 │123456789│
—│—————————│
1│/////////│
2│111//////│
3│..1//////│
4│.21//////│
5│11///////│
6│/////////│
7│11///////│
8│.1///////│
9│.1///////│
—│—————————│
Set/unset mine marks or claim a cell as free: > 1 9 free

 │123456789│
—│—————————│
1│/////////│
2│111//////│
3│..1//////│
4│.21//////│
5│11///////│
6│/////////│
7│11///////│
8│.1///////│
9│11///////│
—│—————————│
Set/unset mine marks or claim a cell as free: > 1 8 mine

 │123456789│
—│—————————│
1│/////////│
2│111//////│
3│..1//////│
4│.21//////│
5│11///////│
6│/////////│
7│11///////│
8│*1///////│
9│11///////│
—│—————————│
Set/unset mine marks or claim a cell as free: > 1 4 free

 │123456789│
—│—————————│
1│/////////│
2│111//////│
3│.X1//////│
4│X21//////│
5│11///////│
6│/////////│
7│11///////│
8│X1///////│
9│11///////│
—│—————————│
You stepped on a mine and failed!
?[1;31m
Start test 60?[0m
How many mines do you want on the field? > 3

 │123456789│
—│—————————│
1│.........│
2│.........│
3│.........│
4│.........│
5│.........│
6│.........│
7│.........│
8│.........│
9│.........│
—│—————————│
Set/unset mine marks or claim a cell as free: > 5 1 free

 │123456789│
—│—————————│
1│/////////│
2│/////////│
3│///////11│
4│///////1.│
5│///111/11│
6│///1.1///│
7│//1221///│
8│//1.1////│
9│//1.1////│
—│—————————│
Set/unset mine marks or claim a cell as free: > 9 4 free

 │123456789│
—│—————————│
1│/////////│
2│/////////│
3│///////11│
4│///////1X│
5│///111/11│
6│///1X1///│
7│//1221///│
8│//1X1////│
9│//1.1////│
—│—————————│
You stepped on a mine and failed!
?[1;31m
Start test 61?[0m
How many mines do you want on the field? > 4

 │123456789│
—│—————————│
1│.........│
2│.........│
3│.........│
4│.........│
5│.........│
6│.........│
7│.........│
8│.........│
9│.........│
—│—————————│
Set/unset mine marks or claim a cell as free: > 2 5 free

 │123456789│
—│—————————│
1│/////////│
2│/////111/│
3│/////1.1/│
4│/////111/│
5│///111///│
6│/112.1///│
7│/1...1///│
8│/111111//│
9│////1.1//│
—│—————————│
Set/unset mine marks or claim a cell as free: > 6 9 free

 │123456789│
—│—————————│
1│/////////│
2│/////111/│
3│/////1X1/│
4│/////111/│
5│///111///│
6│/112X1///│
7│/1X..1///│
8│/111111//│
9│////1X1//│
—│—————————│
You stepped on a mine and failed!
?[1;31m
Start test 62?[0m
How many mines do you want on the field? > 4

 │123456789│
—│—————————│
1│.........│
2│.........│
3│.........│
4│.........│
5│.........│
6│.........│
7│.........│
8│.........│
9│.........│
—│—————————│
Set/unset mine marks or claim a cell as free: > 1 2 free

 │123456789│
—│—————————│
1│/////////│
2│///111///│
3│///1.1///│
4│///1221//│
5│////1.21/│
6│////12.1/│
7│/////111/│
8│/111/////│
9│/1.1/////│
—│—————————│
Congratulations! You found all the mines!
?[1;31m
Start test 63?[0m
How many mines do you want on the field? > 4

 │123456789│
—│—————————│
1│.........│
2│.........│
3│.........│
4│.........│
5│.........│
6│.........│
7│.........│
8│.........│
9│.........│
—│—————————│
Set/unset mine marks or claim a cell as free: > 4 2 free

 │123456789│
—│—————————│
1│/////////│
2│/////////│
3│/////////│
4│/111/////│
5│/1.1/////│
6│/11111111│
7│////1....│
8│///12....│
9│///1.....│
—│—————————│
Set/unset mine marks or claim a cell as free: > 9 7 mine

 │123456789│
—│—————————│
1│/////////│
2│/////////│
3│/////////│
4│/111/////│
5│/1.1/////│
6│/11111111│
7│////1...*│
8│///12....│
9│///1.....│
—│—————————│
Set/unset mine marks or claim a cell as free: > 7 7 mine

 │123456789│
—│—————————│
1│/////////│
2│/////////│
3│/////////│
4│/111/////│
5│/1.1/////│
6│/11111111│
7│////1.*.*│
8│///12....│
9│///1.....│
—│—————————│
Set/unset mine marks or claim a cell as free: > 7 7 mine

 │123456789│
—│—————————│
1│/////////│
2│/////////│
3│/////////│
4│/111/////│
5│/1.1/////│
6│/11111111│
7│////1...*│
8│///12....│
9│///1.....│
—│—————————│
Set/unset mine marks or claim a cell as free: > 9 8 free

 │123456789│
—│—————————│
1│/////////│
2│/////////│
3│/////////│
4│/111/////│
5│/1.1/////│
6│/11111111│
7│////1...*│
8│///12...1│
9│///1.....│
—│—————————│
Set/unset mine marks or claim a cell as free: > 5 9 free

 │123456789│
—│—————————│
1│/////////│
2│/////////│
3│/////////│
4│/111/////│
5│/1X1/////│
6│/11111111│
7│////1X..X│
8│///12...1│
9│///1X....│
—│—————————│
You stepped on a mine and failed!
?[1;31m
Start test 64?[0m
How many mines do you want on the field? > 4

 │123456789│
—│—————————│
1│.........│
2│.........│
3│.........│
4│.........│
5│.........│
6│.........│
7│.........│
8│.........│
9│.........│
—│—————————│
Set/unset mine marks or claim a cell as free: > 7 5 mine

 │123456789│
—│—————————│
1│.........│
2│.........│
3│.........│
4│.........│
5│......*..│
6│.........│
7│.........│
8│.........│
9│.........│
—│—————————│
Set/unset mine marks or claim a cell as free: > 7 5 mine

 │123456789│
—│—————————│
1│.........│
2│.........│
3│.........│
4│.........│
5│.........│
6│.........│
7│.........│
8│.........│
9│.........│
—│—————————│
Set/unset mine marks or claim a cell as free: > 2 5 mine

 │123456789│
—│—————————│
1│.........│
2│.........│
3│.........│
4│.........│
5│.*.......│
6│.........│
7│.........│
8│.........│
9│.........│
—│—————————│
Set/unset mine marks or claim a cell as free: > 3 6 free

 │123456789│
—│—————————│
1│.1///////│
2│11///////│
3│//////111│
4│//////1..│
5│//////11.│
6│///////1.│
7│//////12.│
8│//////1..│
9│//////1..│
—│—————————│
Set/unset mine marks or claim a cell as free: > 9 4 free

 │123456789│
—│—————————│
1│.1///////│
2│11///////│
3│//////111│
4│//////1.1│
5│//////11.│
6│///////1.│
7│//////12.│
8│//////1..│
9│//////1..│
—│—————————│
Set/unset mine marks or claim a cell as free: > 9 7 free

 │123456789│
—│—————————│
1│X1///////│
2│11///////│
3│//////111│
4│//////1X1│
5│//////11.│
6│///////1.│
7│//////12X│
8│//////1X.│
9│//////1..│
—│—————————│
You stepped on a mine and failed!
?[1;31m
Start test 65?[0m
How many mines do you want on the field? > 4

 │123456789│
—│—————————│
1│.........│
2│.........│
3│.........│
4│.........│
5│.........│
6│.........│
7│.........│
8│.........│
9│.........│
—│—————————│
Set/unset mine marks or claim a cell as free: > 4 9 mine

 │123456789│
—│—————————│
1│.........│
2│.........│
3│.........│
4│.........│
5│.........│
6│.........│
7│.........│
8│.........│
9│...*.....│
—│—————————│
Set/unset mine marks or claim a cell as free: > 9 2 mine

 │123456789│
—│—————————│
1│.........│
2│........*│
3│.........│
4│.........│
5│.........│
6│.........│
7│.........│
8│.........│
9│...*.....│
—│—————————│
Set/unset mine marks or claim a cell as free: > 8 4 mine

 │123456789│
—│—————————│
1│.........│
2│........*│
3│.........│
4│.......*.│
5│.........│
6│.........│
7│.........│
8│.........│
9│...*.....│
—│—————————│
Set/unset mine marks or claim a cell as free: > 9 2 mine

 │123456789│
—│—————————│
1│.........│
2│.........│
3│.........│
4│.......*.│
5│.........│
6│.........│
7│.........│
8│.........│
9│...*.....│
—│—————————│
Set/unset mine marks or claim a cell as free: > 2 2 free

 │123456789│
—│—————————│
1│/////////│
2│/////////│
3│////111//│
4│////2.2//│
5│////2.2//│
6│/111111//│
7│/1.1/////│
8│1211/////│
9│.1///////│
—│—————————│
Congratulations! You found all the mines!
?[1;31m
Start test 66?[0m
How many mines do you want on the field? > 4

 │123456789│
—│—————————│
1│.........│
2│.........│
3│.........│
4│.........│
5│.........│
6│.........│
7│.........│
8│.........│
9│.........│
—│—————————│
Set/unset mine marks or claim a cell as free: > 7 4 free

 │123456789│
—│—————————│
1│//////1..│
2│/111//111│
3│/1.1/////│
4│/1.1/////│
5│11.11////│
6│....1////│
7│11111////│
8│/////////│
9│/////////│
—│—————————│
Set/unset mine marks or claim a cell as free: > 8 1 free

 │123456789│
—│—————————│
1│//////1X.│
2│/111//111│
3│/1X1/////│
4│/1.1/////│
5│11.11////│
6│X..X1////│
7│11111////│
8│/////////│
9│/////////│
—│—————————│
You stepped on a mine and failed!
?[1;31m
Start test 67?[0m
How many mines do you want on the field? > 4

 │123456789│
—│—————————│
1│.........│
2│.........│
3│.........│
4│.........│
5│.........│
6│.........│
7│.........│
8│.........│
9│.........│
—│—————————│
Set/unset mine marks or claim a cell as free: > 5 9 free

 │123456789│
—│—————————│
1│/////////│
2│/////////│
3│/////////│
4│/111/////│
5│13.2/////│
6│...2/////│
7│...2/////│
8│...1/////│
9│...1/////│
—│—————————│
Set/unset mine marks or claim a cell as free: > 2 9 mine

 │123456789│
—│—————————│
1│/////////│
2│/////////│
3│/////////│
4│/111/////│
5│13.2/////│
6│...2/////│
7│...2/////│
8│...1/////│
9│.*.1/////│
—│—————————│
Set/unset mine marks or claim a cell as free: > 2 9 mine

 │123456789│
—│—————————│
1│/////////│
2│/////////│
3│/////////│
4│/111/////│
5│13.2/////│
6│...2/////│
7│...2/////│
8│...1/////│
9│...1/////│
—│—————————│
Set/unset mine marks or claim a cell as free: > 1 9 free

 │123456789│
—│—————————│
1│/////////│
2│/////////│
3│/////////│
4│/111/////│
5│13.2/////│
6│...2/////│
7│13.2/////│
8│/1.1/////│
9│/1.1/////│
—│—————————│
Set/unset mine marks or claim a cell as free: > 2 6 free

 │123456789│
—│—————————│
1│/////////│
2│/////////│
3│/////////│
4│/111/////│
5│13.2/////│
6│.3.2/////│
7│13.2/////│
8│/1.1/////│
9│/1.1/////│
—│—————————│
Set/unset mine marks or claim a cell as free: > 3 8 free

 │123456789│
—│—————————│
1│/////////│
2│/////////│
3│/////////│
4│/111/////│
5│13X2/////│
6│X3X2/////│
7│13.2/////│
8│/1X1/////│
9│/1.1/////│
—│—————————│
You stepped on a mine and failed!
?[1;31m
Start test 68?[0m
How many mines do you want on the field? > 4

 │123456789│
—│—————————│
1│.........│
2│.........│
3│.........│
4│.........│
5│.........│
6│.........│
7│.........│
8│.........│
9│.........│
—│—————————│
Set/unset mine marks or claim a cell as free: > 9 9 mine

 │123456789│
—│—————————│
1│.........│
2│.........│
3│.........│
4│.........│
5│.........│
6│.........│
7│.........│
8│.........│
9│........*│
—│—————————│
Set/unset mine marks or claim a cell as free: > 9 9 mine

 │123456789│
—│—————————│
1│.........│
2│.........│
3│.........│
4│.........│
5│.........│
6│.........│
7│.........│
8│.........│
9│.........│
—│—————————│
Set/unset mine marks or claim a cell as free: > 3 7 free

 │123456789│
—│—————————│
1│//////1..│
2│//////2..│
3│//////2..│
4│//////111│
5│/////////│
6│/////111/│
7│/////2.2/│
8│/////2.2/│
9│/////1.1/│
—│—————————│
Set/unset mine marks or claim a cell as free: > 9 2 free

 │123456789│
—│—————————│
1│//////1..│
2│//////2.2│
3│//////2..│
4│//////111│
5│/////////│
6│/////111/│
7│/////2.2/│
8│/////2.2/│
9│/////1.1/│
—│—————————│
Set/unset mine marks or claim a cell as free: > 9 3 free

 │123456789│
—│—————————│
1│//////1..│
2│//////2.2│
3│//////2.2│
4│//////111│
5│/////////│
6│/////111/│
7│/////2.2/│
8│/////2.2/│
9│/////1.1/│
—│—————————│
Set/unset mine marks or claim a cell as free: > 8 1 free

 │123456789│
—│—————————│
1│//////11.│
2│//////2.2│
3│//////2.2│
4│//////111│
5│/////////│
6│/////111/│
7│/////2.2/│
8│/////2.2/│
9│/////1.1/│
—│—————————│
Set/unset mine marks or claim a cell as free: > 8 3 free

 │123456789│
—│—————————│
1│//////11.│
2│//////2X2│
3│//////2X2│
4│//////111│
5│/////////│
6│/////111/│
7│/////2X2/│
8│/////2X2/│
9│/////1.1/│
—│—————————│
You stepped on a mine and failed!
?[1;31m
Start test 69?[0m
How many mines do you want on the field? > 4

 │123456789│
—│—————————│
1│.........│
2│.........│
3│.........│
4│.........│
5│.........│
6│.........│
7│.........│
8│.........│
9│.........│
—│—————————│
Set/unset mine marks or claim a cell as free: > 2 1 mine

 │123456789│
—│—————————│
1│.*.......│
2│.........│
3│.........│
4│.........│
5│.........│
6│.........│
7│.........│
8│.........│
9│.........│
—│—————————│
Set/unset mine marks or claim a cell as free: > 8 2 free

 │123456789│
—│—————————│
1│.*.1/////│
2│...1111//│
3│......1//│
4│......111│
5│.........│
6│.........│
7│.........│
8│.........│
9│.........│
—│—————————│
Set/unset mine marks or claim a cell as free: > 3 8 free

 │123456789│
—│—————————│
1│/1.1/////│
2│/111111//│
3│////1.1//│
4│////11111│
5│//111//1.│
6│//1.1//11│
7│//111////│
8│/////////│
9│/////////│
—│—————————│
Congratulations! You found all the mines!
?[1;31m
Start test 70?[0m
How many mines do you want on the field? > 4

 │123456789│
—│—————————│
1│.........│
2│.........│
3│.........│
4│.........│
5│.........│
6│.........│
7│.........│
8│.........│
9│.........│
—│—————————│
Set/unset mine marks or claim a cell as free: > 9 6 mine

 │123456789│
—│—————————│
1│.........│
2│.........│
3│.........│
4│.........│
5│.........│
6│........*│
7│.........│
8│.........│
9│.........│
—│—————————│
Set/unset mine marks or claim a cell as free: > 8 8 free

 │123456789│
—│—————————│
1│.1//1.1//│
2│11//111//│
3│/////////│
4│/111/////│
5│/1.1/////│
6│1221/////│
7│..1//////│
8│111//////│
9│/////////│
—│—————————│
Set/unset mine marks or claim a cell as free: > 6 1 free

 │123456789│
—│—————————│
1│X1//1X1//│
2│11//111//│
3│/////////│
4│/111/////│
5│/1X1/////│
6│1221/////│
7│.X1//////│
8│111//////│
9│/////////│
—│—————————│
You stepped on a mine and failed!
?[1;31m
Start test 71?[0m
How many mines do you want on the field? > 4

 │123456789│
—│—————————│
1│.........│
2│.........│
3│.........│
4│.........│
5│.........│
6│.........│
7│.........│
8│.........│
9│.........│
—│—————————│
Set/unset mine marks or claim a cell as free: > 7 6 free

 │123456789│
—│—————————│
1│//1...1//│
2│//1...1//│
3│//11211//│
4│/111/////│
5│/2.2/////│
6│/2.2/////│
7│/111/////│
8│/////////│
9│/////////│
—│—————————│
Set/unset mine marks or claim a cell as free: > 4 2 free

 │123456789│
—│—————————│
1│//1...1//│
2│//1X.X1//│
3│//11211//│
4│/111/////│
5│/2X2/////│
6│/2X2/////│
7│/111/////│
8│/////////│
9│/////////│
—│—————————│
You stepped on a mine and failed!
?[1;31m
Start test 72?[0m
How many mines do you want on the field? > 4

 │123456789│
—│—————————│
1│.........│
2│.........│
3│.........│
4│.........│
5│.........│
6│.........│
7│.........│
8│.........│
9│.........│
—│—————————│
Set/unset mine marks or claim a cell as free: > 5 3 mine

 │123456789│
—│—————————│
1│.........│
2│.........│
3│....*....│
4│.........│
5│.........│
6│.........│
7│.........│
8│.........│
9│.........│
—│—————————│
Set/unset mine marks or claim a cell as free: > 1 1 free

 │123456789│
—│—————————│
1│/////1.1/│
2│/////111/│
3│/////////│
4│/////////│
5│/////////│
6│//////111│
7│111///1..│
8│..1///111│
9│..1//////│
—│—————————│
Set/unset mine marks or claim a cell as free: > 8 7 free

 │123456789│
—│—————————│
1│/////1X1/│
2│/////111/│
3│/////////│
4│/////////│
5│/////////│
6│//////111│
7│111///1X.│
8│.X1///111│
9│X.1//////│
—│—————————│
You stepped on a mine and failed!
?[1;31m
Start test 73?[0m
How many mines do you want on the field? > 4

 │123456789│
—│—————————│
1│.........│
2│.........│
3│.........│
4│.........│
5│.........│
6│.........│
7│.........│
8│.........│
9│.........│
—│—————————│
Set/unset mine marks or claim a cell as free: > 4 4 free

 │123456789│
—│—————————│
1│/////////│
2│///////11│
3│///////1.│
4│/////1121│
5│111//1.1/│
6│..1//2.2/│
7│111//1.1/│
8│/////111/│
9│/////////│
—│—————————│
Set/unset mine marks or claim a cell as free: > 7 5 mine

 │123456789│
—│—————————│
1│/////////│
2│///////11│
3│///////1.│
4│/////1121│
5│111//1*1/│
6│..1//2.2/│
7│111//1.1/│
8│/////111/│
9│/////////│
—│—————————│
Set/unset mine marks or claim a cell as free: > 2 6 mine

 │123456789│
—│—————————│
1│/////////│
2│///////11│
3│///////1.│
4│/////1121│
5│111//1*1/│
6│.*1//2.2/│
7│111//1.1/│
8│/////111/│
9│/////////│
—│—————————│
Set/unset mine marks or claim a cell as free: > 1 6 free

 │123456789│
—│—————————│
1│/////////│
2│///////11│
3│///////1.│
4│/////1121│
5│111//1*1/│
6│1*1//2.2/│
7│111//1.1/│
8│/////111/│
9│/////////│
—│—————————│
Set/unset mine marks or claim a cell as free: > 7 6 free

 │123456789│
—│—————————│
1│/////////│
2│///////11│
3│///////1.│
4│/////1121│
5│111//1*1/│
6│1*1//222/│
7│111//1.1/│
8│/////111/│
9│/////////│
—│—————————│
Congratulations! You found all the mines!
?[1;31m
Start test 74?[0m
How many mines do you want on the field? > 4

 │123456789│
—│—————————│
1│.........│
2│.........│
3│.........│
4│.........│
5│.........│
6│.........│
7│.........│
8│.........│
9│.........│
—│—————————│
Set/unset mine marks or claim a cell as free: > 3 7 mine

 │123456789│
—│—————————│
1│.........│
2│.........│
3│.........│
4│.........│
5│.........│
6│.........│
7│..*......│
8│.........│
9│.........│
—│—————————│
Set/unset mine marks or claim a cell as free: > 3 7 mine

 │123456789│
—│—————————│
1│.........│
2│.........│
3│.........│
4│.........│
5│.........│
6│.........│
7│.........│
8│.........│
9│.........│
—│—————————│
Set/unset mine marks or claim a cell as free: > 7 9 free

 │123456789│
—│—————————│
1│/////////│
2│111//////│
3│..1//////│
4│..1////11│
5│..1////1.│
6│..1////11│
7│111//////│
8│///////11│
9│///////1.│
—│—————————│
Set/unset mine marks or claim a cell as free: > 1 4 free

 │123456789│
—│—————————│
1│/////////│
2│111//////│
3│..1//////│
4│1.1////11│
5│..1////1.│
6│..1////11│
7│111//////│
8│///////11│
9│///////1.│
—│—————————│
Set/unset mine marks or claim a cell as free: > 9 5 free

 │123456789│
—│—————————│
1│/////////│
2│111//////│
3│.X1//////│
4│1.1////11│
5│..1////1X│
6│.X1////11│
7│111//////│
8│///////11│
9│///////1X│
—│—————————│
You stepped on a mine and failed!
?[1;31m
Start test 75?[0m
How many mines do you want on the field? > 4

 │123456789│
—│—————————│
1│.........│
2│.........│
3│.........│
4│.........│
5│.........│
6│.........│
7│.........│
8│.........│
9│.........│
—│—————————│
Set/unset mine marks or claim a cell as free: > 3 4 mine

 │123456789│
—│—————————│
1│.........│
2│.........│
3│.........│
4│..*......│
5│.........│
6│.........│
7│.........│
8│.........│
9│.........│
—│—————————│
Set/unset mine marks or claim a cell as free: > 8 8 free

 │123456789│
—│—————————│
1│.........│
2│.........│
3│.........│
4│..*......│
5│.........│
6│.........│
7│.....1111│
8│.....1///│
9│.....1///│
—│—————————│
Set/unset mine marks or claim a cell as free: > 2 6 free

 │123456789│
—│—————————│
1│..1//////│
2│..1//////│
3│111//////│
4│/////////│
5│//////111│
6│//////1..│
7│111111111│
8│.....1///│
9│.....1///│
—│—————————│
Set/unset mine marks or claim a cell as free: > 1 9 free

 │123456789│
—│—————————│
1│..1//////│
2│..1//////│
3│111//////│
4│/////////│
5│//////111│
6│//////1..│
7│111111111│
8│.....1///│
9│1....1///│
—│—————————│
Set/unset mine marks or claim a cell as free: > 9 6 free

 │123456789│
—│—————————│
1│..1//////│
2│..1//////│
3│111//////│
4│/////////│
5│//////111│
6│//////1.1│
7│111111111│
8│.....1///│
9│1....1///│
—│—————————│
Set/unset mine marks or claim a cell as free: > 2 9 free

 │123456789│
—│—————————│
1│..1//////│
2│..1//////│
3│111//////│
4│/////////│
5│//////111│
6│//////1.1│
7│111111111│
8│.....1///│
9│11...1///│
—│—————————│
Set/unset mine marks or claim a cell as free: > 2 2 mine

 │123456789│
—│—————————│
1│..1//////│
2│.*1//////│
3│111//////│
4│/////////│
5│//////111│
6│//////1.1│
7│111111111│
8│.....1///│
9│11...1///│
—│—————————│
Set/unset mine marks or claim a cell as free: > 3 8 free

 │123456789│
—│—————————│
1│..1//////│
2│.*1//////│
3│111//////│
4│/////////│
5│//////111│
6│//////1.1│
7│111111111│
8│..1..1///│
9│11...1///│
—│—————————│
Set/unset mine marks or claim a cell as free: > 5 8 free

 │123456789│
—│—————————│
1│..1//////│
2│.X1//////│
3│111//////│
4│/////////│
5│//////111│
6│//////1X1│
7│111111111│
8│.X1.X1///│
9│11...1///│
—│—————————│
You stepped on a mine and failed!
?[1;31m
Start test 76?[0m
How many mines do you want on the field? > 4

 │123456789│
—│—————————│
1│.........│
2│.........│
3│.........│
4│.........│
5│.........│
6│.........│
7│.........│
8│.........│
9│.........│
—│—————————│
Set/unset mine marks or claim a cell as free: > 7 5 free

 │123456789│
—│—————————│
1│/1.1/////│
2│/111/////│
3│/////////│
4│///111///│
5│///1.1///│
6│11111211/│
7│..1//1.1/│
8│111//111/│
9│/////////│
—│—————————│
Set/unset mine marks or claim a cell as free: > 5 5 mine

 │123456789│
—│—————————│
1│/1.1/////│
2│/111/////│
3│/////////│
4│///111///│
5│///1*1///│
6│11111211/│
7│..1//1.1/│
8│111//111/│
9│/////////│
—│—————————│
Set/unset mine marks or claim a cell as free: > 7 7 mine

 │123456789│
—│—————————│
1│/1.1/////│
2│/111/////│
3│/////////│
4│///111///│
5│///1*1///│
6│11111211/│
7│..1//1*1/│
8│111//111/│
9│/////////│
—│—————————│
Set/unset mine marks or claim a cell as free: > 1 7 free

 │123456789│
—│—————————│
1│/1.1/////│
2│/111/////│
3│/////////│
4│///111///│
5│///1*1///│
6│11111211/│
7│1.1//1*1/│
8│111//111/│
9│/////////│
—│—————————│
Congratulations! You found all the mines!
?[1;31m
Start test 77?[0m
How many mines do you want on the field? > 4

 │123456789│
—│—————————│
1│.........│
2│.........│
3│.........│
4│.........│
5│.........│
6│.........│
7│.........│
8│.........│
9│.........│
—│—————————│
Set/unset mine marks or claim a cell as free: > 2 8 free

 │123456789│
—│—————————│
1│...1/////│
2│..21/////│
3│111//////│
4│/////////│
5│/////////│
6│///111///│
7│///1.1///│
8│///111/11│
9│///////1.│
—│—————————│
Set/unset mine marks or claim a cell as free: > 5 7 free

 │123456789│
—│—————————│
1│..X1/////│
2│.X21/////│
3│111//////│
4│/////////│
5│/////////│
6│///111///│
7│///1X1///│
8│///111/11│
9│///////1X│
—│—————————│
You stepped on a mine and failed!
?[1;31m
Start test 78?[0m
How many mines do you want on the field? > 4

 │123456789│
—│—————————│
1│.........│
2│.........│
3│.........│
4│.........│
5│.........│
6│.........│
7│.........│
8│.........│
9│.........│
—│—————————│
Set/unset mine marks or claim a cell as free: > 2 3 free

 │123456789│
—│—————————│
1│/////////│
2│/////////│
3│/////////│
4│/////////│
5│/////////│
6│//111////│
7│//1.21///│
8│122..1///│
9│.....1///│
—│—————————│
Set/unset mine marks or claim a cell as free: > 4 9 mine

 │123456789│
—│—————————│
1│/////////│
2│/////////│
3│/////////│
4│/////////│
5│/////////│
6│//111////│
7│//1.21///│
8│122..1///│
9│...*.1///│
—│—————————│
Set/unset mine marks or claim a cell as free: > 3 9 mine

 │123456789│
—│—————————│
1│/////////│
2│/////////│
3│/////////│
4│/////////│
5│/////////│
6│//111////│
7│//1.21///│
8│122..1///│
9│..**.1///│
—│—————————│
Set/unset mine marks or claim a cell as free: > 5 8 mine

 │123456789│
—│—————————│
1│/////////│
2│/////////│
3│/////////│
4│/////////│
5│/////////│
6│//111////│
7│//1.21///│
8│122.*1///│
9│..**.1///│
—│—————————│
Set/unset mine marks or claim a cell as free: > 4 7 mine

 │123456789│
—│—————————│
1│/////////│
2│/////////│
3│/////////│
4│/////////│
5│/////////│
6│//111////│
7│//1*21///│
8│122.*1///│
9│..**.1///│
—│—————————│
Set/unset mine marks or claim a cell as free: > 2 9 mine

 │123456789│
—│—————————│
1│/////////│
2│/////////│
3│/////////│
4│/////////│
5│/////////│
6│//111////│
7│//1*21///│
8│122.*1///│
9│.***.1///│
—│—————————│
Set/unset mine marks or claim a cell as free: > 1 9 free

 │123456789│
—│—————————│
1│/////////│
2│/////////│
3│/////////│
4│/////////│
5│/////////│
6│//111////│
7│//1X21///│
8│122.X1///│
9│X.X..1///│
—│—————————│
You stepped on a mine and failed!
?[1;31m
Start test 79?[0m
How many mines do you want on the field? > 4

 │123456789│
—│—————————│
1│.........│
2│.........│
3│.........│
4│.........│
5│.........│
6│.........│
7│.........│
8│.........│
9│.........│
—│—————————│
Set/unset mine marks or claim a cell as free: > 1 6 free

 │123456789│
—│—————————│
1│.1///////│
2│.1///////│
3│11///111/│
4│/////1.1/│
5│/////111/│
6│/////////│
7│/111111//│
8│/1....1//│
9│/1....1//│
—│—————————│
Set/unset mine marks or claim a cell as free: > 4 9 free

 │123456789│
—│—————————│
1│.1///////│
2│.1///////│
3│11///111/│
4│/////1.1/│
5│/////111/│
6│/////////│
7│/111111//│
8│/1....1//│
9│/1.1..1//│
—│—————————│
Set/unset mine marks or claim a cell as free: > 1 2 free

 │123456789│
—│—————————│
1│.1///////│
2│X1///////│
3│11///111/│
4│/////1X1/│
5│/////111/│
6│/////////│
7│/111111//│
8│/1X..X1//│
9│/1.1..1//│
—│—————————│
You stepped on a mine and failed!
?[1;31m
Start test 80?[0m
How many mines do you want on the field? > 4

 │123456789│
—│—————————│
1│.........│
2│.........│
3│.........│
4│.........│
5│.........│
6│.........│
7│.........│
8│.........│
9│.........│
—│—————————│
Set/unset mine marks or claim a cell as free: > 1 1 free

 │123456789│
—│—————————│
1│/////////│
2│///111///│
3│///1.1///│
4│///111///│
5│///////11│
6│///////1.│
7│221////11│
8│..1//////│
9│..1//////│
—│—————————│
Set/unset mine marks or claim a cell as free: > 2 8 free

 │123456789│
—│—————————│
1│/////////│
2│///111///│
3│///1X1///│
4│///111///│
5│///////11│
6│///////1X│
7│221////11│
8│XX1//////│
9│..1//////│
—│—————————│
You stepped on a mine and failed!
?[1;31m
Start test 81?[0m
How many mines do you want on the field? > 5

 │123456789│
—│—————————│
1│.........│
2│.........│
3│.........│
4│.........│
5│.........│
6│.........│
7│.........│
8│.........│
9│.........│
—│—————————│
Set/unset mine marks or claim a cell as free: > 5 5 free

 │123456789│
—│—————————│
1│.1/1.1///│
2│.1/111///│
3│11/////11│
4│///////1.│
5│///////11│
6│/////////│
7│/111/////│
8│/1.1//111│
9│/1.1//1..│
—│—————————│
Set/unset mine marks or claim a cell as free: > 9 4 free

 │123456789│
—│—————————│
1│.1/1X1///│
2│X1/111///│
3│11/////11│
4│///////1X│
5│///////11│
6│/////////│
7│/111/////│
8│/1X1//111│
9│/1.1//1X.│
—│—————————│
[...]
8│...*.....│
9│....3....│
—│—————————│
Set/unset mine marks or claim a cell as free: > 2 8 free

 │123456789│
—│—————————│
1│///1X.X.X│
2│///2.3121│
3│1212X1///│
4│X.X.11///│
5│.4X.1//11│
6│X..X3212X│
7│....XX..X│
8│XXXXXXXX.│
9│XXX.3..X.│
—│—————————│
You stepped on a mine and failed!
?[1;31m
Start test 99?[0m
How many mines do you want on the field? > 30

 │123456789│
—│—————————│
1│.........│
2│.........│
3│.........│
4│.........│
5│.........│
6│.........│
7│.........│
8│.........│
9│.........│
—│—————————│
Set/unset mine marks or claim a cell as free: > 9 1 free

 │123456789│
—│—————————│
1│.....1///│
2│.....2122│
3│.........│
4│.........│
5│.........│
6│.........│
7│.........│
8│.........│
9│.........│
—│—————————│
Set/unset mine marks or claim a cell as free: > 7 3 free

 │123456789│
—│—————————│
1│.....1///│
2│.....2122│
3│......2..│
4│.........│
5│.........│
6│.........│
7│.........│
8│.........│
9│.........│
—│—————————│
Set/unset mine marks or claim a cell as free: > 1 9 free

 │123456789│
—│—————————│
1│.....1///│
2│.....2122│
3│......2..│
4│.........│
5│.........│
6│.........│
7│.........│
8│.........│
9│1........│
—│—————————│
Set/unset mine marks or claim a cell as free: > 1 2 mine

 │123456789│
—│—————————│
1│.....1///│
2│*....2122│
3│......2..│
4│.........│
5│.........│
6│.........│
7│.........│
8│.........│
9│1........│
—│—————————│
Set/unset mine marks or claim a cell as free: > 1 2 mine

 │123456789│
—│—————————│
1│.....1///│
2│.....2122│
3│......2..│
4│.........│
5│.........│
6│.........│
7│.........│
8│.........│
9│1........│
—│—————————│
Set/unset mine marks or claim a cell as free: > 7 5 mine

 │123456789│
—│—————————│
1│.....1///│
2│.....2122│
3│......2..│
4│.........│
5│......*..│
6│.........│
7│.........│
8│.........│
9│1........│
—│—————————│
Set/unset mine marks or claim a cell as free: > 7 5 mine

 │123456789│
—│—————————│
1│.....1///│
2│.....2122│
3│......2..│
4│.........│
5│.........│
6│.........│
7│.........│
8│.........│
9│1........│
—│—————————│
Set/unset mine marks or claim a cell as free: > 2 3 mine

 │123456789│
—│—————————│
1│.....1///│
2│.....2122│
3│.*....2..│
4│.........│
5│.........│
6│.........│
7│.........│
8│.........│
9│1........│
—│—————————│
Set/unset mine marks or claim a cell as free: > 3 7 free

 │123456789│
—│—————————│
1│.....1///│
2│.....2122│
3│.*....2..│
4│.........│
5│.........│
6│.........│
7│..4......│
8│.........│
9│1........│
—│—————————│
Set/unset mine marks or claim a cell as free: > 6 6 free

 │123456789│
—│—————————│
1│.....1///│
2│.....2122│
3│.*....2..│
4│.........│
5│.........│
6│.....2...│
7│..4......│
8│.........│
9│1........│
—│—————————│
Set/unset mine marks or claim a cell as free: > 9 6 free

 │123456789│
—│—————————│
1│.....1///│
2│.....2122│
3│.*....2..│
4│.........│
5│.........│
6│.....2..2│
7│..4......│
8│.........│
9│1........│
—│—————————│
Set/unset mine marks or claim a cell as free: > 2 3 mine

 │123456789│
—│—————————│
1│.....1///│
2│.....2122│
3│......2..│
4│.........│
5│.........│
6│.....2..2│
7│..4......│
8│.........│
9│1........│
—│—————————│
Set/unset mine marks or claim a cell as free: > 1 3 free

 │123456789│
—│—————————│
1│.....1///│
2│.....2122│
3│3.....2..│
4│.........│
5│.........│
6│.....2..2│
7│..4......│
8│.........│
9│1........│
—│—————————│
Set/unset mine marks or claim a cell as free: > 1 6 mine

 │123456789│
—│—————————│
1│.....1///│
2│.....2122│
3│3.....2..│
4│.........│
5│.........│
6│*....2..2│
7│..4......│
8│.........│
9│1........│
—│—————————│
Set/unset mine marks or claim a cell as free: > 8 7 mine

 │123456789│
—│—————————│
1│.....1///│
2│.....2122│
3│3.....2..│
4│.........│
5│.........│
6│*....2..2│
7│..4....*.│
8│.........│
9│1........│
—│—————————│
Set/unset mine marks or claim a cell as free: > 6 4 free

 │123456789│
—│—————————│
1│...X.1///│
2│X..XX2122│
3│3X..X.2XX│
4│X.X..X...│
5│....X..X.│
6│XXXX.2..2│
7│X.4...X.X│
8│X.X...XXX│
9│1..X.XXXX│
—│—————————│
You stepped on a mine and failed!
?[1;31m
Start test 100?[0m
How many mines do you want on the field? > 30

 │123456789│
—│—————————│
1│.........│
2│.........│
3│.........│
4│.........│
5│.........│
6│.........│
7│.........│
8│.........│
9│.........│
—│—————————│
Set/unset mine marks or claim a cell as free: > 3 1 free

 │123456789│
—│—————————│
1│.2/1.....│
2│.322.....│
3│.........│
4│.........│
5│.........│
6│.........│
7│.........│
8│.........│
9│.........│
—│—————————│
Set/unset mine marks or claim a cell as free: > 8 6 free

 │123456789│
—│—————————│
1│.2/1.....│
2│.322.....│
3│.........│
4│.........│
5│.........│
6│.......3.│
7│.........│
8│.........│
9│.........│
—│—————————│
Set/unset mine marks or claim a cell as free: > 5 4 mine

 │123456789│
—│—————————│
1│.2/1.....│
2│.322.....│
3│.........│
4│....*....│
5│.........│
6│.......3.│
7│.........│
8│.........│
9│.........│
—│—————————│
Set/unset mine marks or claim a cell as free: > 7 4 free

 │123456789│
—│—————————│
1│X2/1..XXX│
2│X322X....│
3│.X.X....X│
4│.X..X.X..│
5│.X.X.XX..│
6│X....XX3.│
7│X.XX.XX..│
8│.XX..X..X│
9│.XX......│
—│—————————│
You stepped on a mine and failed!
?[1;31m
Start test 101?[0m
How many mines do you want on the field? > 35

 │123456789│
—│—————————│
1│.........│
2│.........│
3│.........│
4│.........│
5│.........│
6│.........│
7│.........│
8│.........│
9│.........│
—│—————————│
Set/unset mine marks or claim a cell as free: > 5 5 free

 │123456789│
—│—————————│
1│.........│
2│.........│
3│.........│
4│...1223..│
5│...1//2..│
6│...2234..│
7│.........│
8│.........│
9│.........│
—│—————————│
Set/unset mine marks or claim a cell as free: > 9 7 free

 │123456789│
—│—————————│
1│.........│
2│.........│
3│.........│
4│...1223..│
5│...1//2..│
6│...2234..│
7│........4│
8│.........│
9│.........│
—│—————————│
Set/unset mine marks or claim a cell as free: > 6 1 mine

 │123456789│
—│—————————│
1│.....*...│
2│.........│
3│.........│
4│...1223..│
5│...1//2..│
6│...2234..│
7│........4│
8│.........│
9│.........│
—│—————————│
Set/unset mine marks or claim a cell as free: > 2 7 mine

 │123456789│
—│—————————│
1│.....*...│
2│.........│
3│.........│
4│...1223..│
5│...1//2..│
6│...2234..│
7│.*......4│
8│.........│
9│.........│
—│—————————│
Set/unset mine marks or claim a cell as free: > 1 8 free

 │123456789│
—│—————————│
1│X..XX...X│
2│.XXXX.X.X│
3│X...XX.X.│
4│.X.1223X.│
5│.X.1//2.X│
6│XXX2234XX│
7│.X..XXXX4│
8│X..X.X.X.│
9│.....XXX.│
—│—————————│
You stepped on a mine and failed!
?[1;31m
Start test 102?[0m
How many mines do you want on the field? > 35

 │123456789│
—│—————————│
1│.........│
2│.........│
3│.........│
4│.........│
5│.........│
6│.........│
7│.........│
8│.........│
9│.........│
—│—————————│
Set/unset mine marks or claim a cell as free: > 2 7 free

 │123456789│
—│—————————│
1│.........│
2│.........│
3│.........│
4│.........│
5│.........│
6│112......│
7│//2......│
8│123......│
9│.........│
—│—————————│
Set/unset mine marks or claim a cell as free: > 9 2 mine

 │123456789│
—│—————————│
1│.........│
2│........*│
3│.........│
4│.........│
5│.........│
6│112......│
7│//2......│
8│123......│
9│.........│
—│—————————│
Set/unset mine marks or claim a cell as free: > 9 2 mine

 │123456789│
—│—————————│
1│.........│
2│.........│
3│.........│
4│.........│
5│.........│
6│112......│
7│//2......│
8│123......│
9│.........│
—│—————————│
Set/unset mine marks or claim a cell as free: > 5 2 free

 │123456789│
—│—————————│
1│X.XX....X│
2│XXX.X..XX│
3│.XX.X...X│
4│.X..X....│
5│X..X.XX.X│
6│112XXX.XX│
7│//2...XXX│
8│123X...X.│
9│.XX.X...X│
—│—————————│
You stepped on a mine and failed!
?[1;31m
Start test 103?[0m
How many mines do you want on the field? > 40

 │123456789│
—│—————————│
1│.........│
2│.........│
3│.........│
4│.........│
5│.........│
6│.........│
7│.........│
8│.........│
9│.........│
—│—————————│
Set/unset mine marks or claim a cell as free: > 4 6 free

 │123456789│
—│—————————│
1│.........│
2│.........│
3│.........│
4│.........│
5│..2113...│
6│..2//3...│
7│..4335...│
8│.........│
9│.........│
—│—————————│
Set/unset mine marks or claim a cell as free: > 9 7 free

 │123456789│
—│—————————│
1│.........│
2│.........│
3│.........│
4│.........│
5│..2113...│
6│..2//3...│
7│..4335..4│
8│.........│
9│.........│
—│—————————│
Set/unset mine marks or claim a cell as free: > 7 4 mine

 │123456789│
—│—————————│
1│.........│
2│.........│
3│.........│
4│......*..│
5│..2113...│
6│..2//3...│
7│..4335..4│
8│.........│
9│.........│
—│—————————│
Set/unset mine marks or claim a cell as free: > 4 9 free

 │123456789│
—│—————————│
1│.XXXX.X.X│
2│.....XXX.│
3│...XX...X│
4│...X..XXX│
5│..2113XXX│
6│XX2//3XX.│
7│.X4335XX4│
8│X.XXXXXXX│
9│.XXXXXX..│
—│—————————│
You stepped on a mine and failed!
?[1;31m
Start test 104?[0m
How many mines do you want on the field? > 40

 │123456789│
—│—————————│
1│.........│
2│.........│
3│.........│
4│.........│
5│.........│
6│.........│
7│.........│
8│.........│
9│.........│
—│—————————│
Set/unset mine marks or claim a cell as free: > 3 1 free

 │123456789│
—│—————————│
1│.1/2.....│
2│.225.....│
3│.........│
4│.........│
5│.........│
6│.........│
7│.........│
8│.........│
9│.........│
—│—————————│
Set/unset mine marks or claim a cell as free: > 8 6 free

 │123456789│
—│—————————│
1│X1/2XXXX.│
2│.225XX...│
3│..XXX.X.X│
4│XXX...X.X│
5│X.X.XXX..│
6│..X....XX│
7│XX.XX..XX│
8│XXX..XX..│
9│XXXX.....│
—│—————————│
You stepped on a mine and failed!
?[1;31m
Start test 105?[0m
How many mines do you want on the field? > 45

 │123456789│
—│—————————│
1│.........│
2│.........│
3│.........│
4│.........│
5│.........│
6│.........│
7│.........│
8│.........│
9│.........│
—│—————————│
Set/unset mine marks or claim a cell as free: > 2 7 mine

 │123456789│
—│—————————│
1│.........│
2│.........│
3│.........│
4│.........│
5│.........│
6│.........│
7│.*.......│
8│.........│
9│.........│
—│—————————│
Set/unset mine marks or claim a cell as free: > 2 7 mine

 │123456789│
—│—————————│
1│.........│
2│.........│
3│.........│
4│.........│
5│.........│
6│.........│
7│.........│
8│.........│
9│.........│
—│—————————│
Set/unset mine marks or claim a cell as free: > 6 9 free

 │123456789│
—│—————————│
1│.........│
2│.........│
3│.........│
4│.........│
5│.........│
6│.........│
7│.........│
8│....433..│
9│....1/1..│
—│—————————│
Set/unset mine marks or claim a cell as free: > 8 3 free

 │123456789│
—│—————————│
1│.........│
2│.........│
3│.......4.│
4│.........│
5│.........│
6│.........│
7│.........│
8│....433..│
9│....1/1..│
—│—————————│
Set/unset mine marks or claim a cell as free: > 1 8 free

 │123456789│
—│—————————│
1│.........│
2│.........│
3│.......4.│
4│.........│
5│.........│
6│.........│
7│.........│
8│4...433..│
9│....1/1..│
—│—————————│
Set/unset mine marks or claim a cell as free: > 3 6 free

 │123456789│
—│—————————│
1│.........│
2│.........│
3│.......4.│
4│.........│
5│.........│
6│..5......│
7│.........│
8│4...433..│
9│....1/1..│
—│—————————│
Set/unset mine marks or claim a cell as free: > 1 9 mine

 │123456789│
—│—————————│
1│.........│
2│.........│
3│.......4.│
4│.........│
5│.........│
6│..5......│
7│.........│
8│4...433..│
9│*...1/1..│
—│—————————│
Set/unset mine marks or claim a cell as free: > 9 2 mine

 │123456789│
—│—————————│
1│.........│
2│........*│
3│.......4.│
4│.........│
5│.........│
6│..5......│
7│.........│
8│4...433..│
9│*...1/1..│
—│—————————│
Set/unset mine marks or claim a cell as free: > 8 2 mine

 │123456789│
—│—————————│
1│.........│
2│.......**│
3│.......4.│
4│.........│
5│.........│
6│..5......│
7│.........│
8│4...433..│
9│*...1/1..│
—│—————————│
Set/unset mine marks or claim a cell as free: > 3 4 free

 │123456789│
—│—————————│
1│XX...XXX.│
2│.XXXXX.X.│
3│......X4.│
4│.XXXX.X.X│
5│X..X.XXXX│
6│XX5X.XXXX│
7│X.XXXXX.X│
8│4X..433.X│
9│XXXX1/1X.│
—│—————————│
You stepped on a mine and failed!
?[1;31m
Start test 106?[0m
How many mines do you want on the field? > 45

 │123456789│
—│—————————│
1│.........│
2│.........│
3│.........│
4│.........│
5│.........│
6│.........│
7│.........│
8│.........│
9│.........│
—│—————————│
Set/unset mine marks or claim a cell as free: > 1 5 free

 │123456789│
—│—————————│
1│.........│
2│.........│
3│.........│
4│23.......│
5│/1.......│
6│/2.......│
7│24.......│
8│.........│
9│.........│
—│—————————│
Set/unset mine marks or claim a cell as free: > 9 3 free

 │123456789│
—│—————————│
1│XXX.X.X..│
2│X..X.X.XX│
3│XX.XXXX.X│
4│23.XXXXX.│
5│/1XX...XX│
6│/2..XX.XX│
7│24X.X.XXX│
8│XXXX...X.│
9│XXX..XX..│
—│—————————│
You stepped on a mine and failed!
?[1;31m
Start test 107?[0m
How many mines do you want on the field? > 50

 │123456789│
—│—————————│
1│.........│
2│.........│
3│.........│
4│.........│
5│.........│
6│.........│
7│.........│
8│.........│
9│.........│
—│—————————│
Set/unset mine marks or claim a cell as free: > 7 6 mine

 │123456789│
—│—————————│
1│.........│
2│.........│
3│.........│
4│.........│
5│.........│
6│......*..│
7│.........│
8│.........│
9│.........│
—│—————————│
Set/unset mine marks or claim a cell as free: > 2 3 free

 │123456789│
—│—————————│
1│.........│
2│123......│
3│//2......│
4│123......│
5│.........│
6│......*..│
7│.........│
8│.........│
9│.........│
—│—————————│
Set/unset mine marks or claim a cell as free: > 7 6 mine

 │123456789│
—│—————————│
1│.........│
2│123......│
3│//2......│
4│123......│
5│.........│
6│.........│
7│.........│
8│.........│
9│.........│
—│—————————│
Set/unset mine marks or claim a cell as free: > 5 4 free

 │123456789│
—│—————————│
1│X.XXX..X.│
2│123XXXXXX│
3│//2..X.XX│
4│123XXXX.X│
5│X.XXX.X.X│
6│X.X.XX...│
7│X.X..XXXX│
8│.XXXX.XXX│
9│X.XXXXXXX│
—│—————————│
You stepped on a mine and failed!
?[1;31m
Start test 108?[0m
How many mines do you want on the field? > 50

 │123456789│
—│—————————│
1│.........│
2│.........│
3│.........│
4│.........│
5│.........│
6│.........│
7│.........│
8│.........│
9│.........│
—│—————————│
Set/unset mine marks or claim a cell as free: > 8 3 free

 │123456789│
—│—————————│
1│.........│
2│......432│
3│......2//│
4│......422│
5│.........│
6│.........│
7│.........│
8│.........│
9│.........│
—│—————————│
Set/unset mine marks or claim a cell as free: > 3 2 free

 │123456789│
—│—————————│
1│X.XXXXXXX│
2│.XX.X.432│
3│.XX.XX2//│
4│X...XX422│
5│XXXXXX.XX│
6│.XXXX.X..│
7│.XXX..XX.│
8│X.XX.XXX.│
9│XXXXXXX.X│
—│—————————│
You stepped on a mine and failed!
?[1;31m
Start test 109?[0m
How many mines do you want on the field? > 55

 │123456789│
—│—————————│
1│.........│
2│.........│
3│.........│
4│.........│
5│.........│
6│.........│
7│.........│
8│.........│
9│.........│
—│—————————│
Set/unset mine marks or claim a cell as free: > 8 8 free

 │123456789│
—│—————————│
1│.........│
2│.........│
3│.........│
4│.........│
5│.........│
6│.........│
7│......432│
8│......2//│
9│......2//│
—│—————————│
Set/unset mine marks or claim a cell as free: > 2 1 free

 │123456789│
—│—————————│
1│XX..XX.XX│
2│XXXX..XXX│
3│X.XXX..XX│
4│.X.XXXXXX│
5│XXX.X.XXX│
6│X..XXXXXX│
7│XX.XX.432│
8│XXXXXX2//│
9│X.XXXX2//│
—│—————————│
You stepped on a mine and failed!
?[1;31m
Start test 110?[0m
How many mines do you want on the field? > 55

 │123456789│
—│—————————│
1│.........│
2│.........│
3│.........│
4│.........│
5│.........│
6│.........│
7│.........│
8│.........│
9│.........│
—│—————————│
Set/unset mine marks or claim a cell as free: > 7 1 free

 │123456789│
—│—————————│
1│.....1/2.│
2│.....335.│
3│.........│
4│.........│
5│.........│
6│.........│
7│.........│
8│.........│
9│.........│
—│—————————│
Set/unset mine marks or claim a cell as free: > 4 1 free

 │123456789│
—│—————————│
1│XX.XX1/2X│
2│.XXX.335X│
3│..X..XXXX│
4│..XX.XXXX│
5│XXX.XXXXX│
6│XXX..XXXX│
7│XX.XXX.XX│
8│XX...XX.X│
9│XXXXXX.XX│
—│—————————│
You stepped on a mine and failed!
?[1;31m
Start test 111?[0m
How many mines do you want on the field? > 60

 │123456789│
—│—————————│
1│.........│
2│.........│
3│.........│
4│.........│
5│.........│
6│.........│
7│.........│
8│.........│
9│.........│
—│—————————│
Set/unset mine marks or claim a cell as free: > 5 9 free

 │123456789│
—│—————————│
1│.........│
2│.........│
3│.........│
4│.........│
5│.........│
6│.........│
7│.........│
8│...435...│
9│...2/2...│
—│—————————│
Set/unset mine marks or claim a cell as free: > 5 5 free

 │123456789│
—│—————————│
1│XXXXX.XX.│
2│XXXX.XXXX│
3│X.XXXXXX.│
4│XXXX.X..X│
5│XXXXX..XX│
6│.XXXXXXXX│
7│...XXXXXX│
8│XXX435XXX│
9│XXX2/2X.X│
—│—————————│
You stepped on a mine and failed!
?[1;31m
Start test 112?[0m
How many mines do you want on the field? > 60

 │123456789│
—│—————————│
1│.........│
2│.........│
3│.........│
4│.........│
5│.........│
6│.........│
7│.........│
8│.........│
9│.........│
—│—————————│
Set/unset mine marks or claim a cell as free: > 5 4 mine

 │123456789│
—│—————————│
1│.........│
2│.........│
3│.........│
4│....*....│
5│.........│
6│.........│
7│.........│
8│.........│
9│.........│
—│—————————│
Set/unset mine marks or claim a cell as free: > 5 4 mine

 │123456789│
—│—————————│
1│.........│
2│.........│
3│.........│
4│.........│
5│.........│
6│.........│
7│.........│
8│.........│
9│.........│
—│—————————│
Set/unset mine marks or claim a cell as free: > 6 8 mine

 │123456789│
—│—————————│
1│.........│
2│.........│
3│.........│
4│.........│
5│.........│
6│.........│
7│.........│
8│.....*...│
9│.........│
—│—————————│
Set/unset mine marks or claim a cell as free: > 6 8 mine

 │123456789│
—│—————————│
1│.........│
2│.........│
3│.........│
4│.........│
5│.........│
6│.........│
7│.........│
8│.........│
9│.........│
—│—————————│
Set/unset mine marks or claim a cell as free: > 4 9 free

 │123456789│
—│—————————│
1│.........│
2│.........│
3│.........│
4│.........│
5│.........│
6│.........│
7│.........│
8│..425....│
9│..2/2....│
—│—————————│
Set/unset mine marks or claim a cell as free: > 9 2 mine

 │123456789│
—│—————————│
1│.........│
2│........*│
3│.........│
4│.........│
5│.........│
6│.........│
7│.........│
8│..425....│
9│..2/2....│
—│—————————│
Set/unset mine marks or claim a cell as free: > 8 1 free

 │123456789│
—│—————————│
1│XXXXX.XXX│
2│XXX.XX.XX│
3│..XXX.X.X│
4│.XXXXXXXX│
5│.XXXXXXXX│
6│XXX.XXXXX│
7│XX.XXX..X│
8│.X425XXX.│
9│XX2/2XXXX│
—│—————————│
You stepped on a mine and failed!
?[1;31m
Start test 113?[0m
How many mines do you want on the field? > 65

 │123456789│
—│—————————│
1│.........│
2│.........│
3│.........│
4│.........│
5│.........│
6│.........│
7│.........│
8│.........│
9│.........│
—│—————————│
Set/unset mine marks or claim a cell as free: > 5 8 free

 │123456789│
—│—————————│
1│.........│
2│.........│
3│.........│
4│.........│
5│.........│
6│.........│
7│...435...│
8│...2/3...│
9│...1/2...│
—│—————————│
Set/unset mine marks or claim a cell as free: > 2 8 free

 │123456789│
—│—————————│
1│XXXXXXXXX│
2│XXXXXXXXX│
3│.XXXXXXXX│
4│XXXXXXXXX│
5│X.XXXXXX.│
6│XX.XXXXXX│
7│XXX435XX.│
8│.XX2/3XXX│
9│XX.1/2XXX│
—│—————————│
You stepped on a mine and failed!
?[1;31m
Start test 114?[0m
How many mines do you want on the field? > 65

 │123456789│
—│—————————│
1│.........│
2│.........│
3│.........│
4│.........│
5│.........│
6│.........│
7│.........│
8│.........│
9│.........│
—│—————————│
Set/unset mine marks or claim a cell as free: > 7 8 free

 │123456789│
—│—————————│
1│.........│
2│.........│
3│.........│
4│.........│
5│.........│
6│.........│
7│.....534.│
8│.....3/2.│
9│.....2/2.│
—│—————————│
Set/unset mine marks or claim a cell as free: > 1 5 mine

 │123456789│
—│—————————│
1│.........│
2│.........│
3│.........│
4│.........│
5│*........│
6│.........│
7│.....534.│
8│.....3/2.│
9│.....2/2.│
—│—————————│
Set/unset mine marks or claim a cell as free: > 3 3 mine

 │123456789│
—│—————————│
1│.........│
2│.........│
3│..*......│
4│.........│
5│*........│
6│.........│
7│.....534.│
8│.....3/2.│
9│.....2/2.│
—│—————————│
Set/unset mine marks or claim a cell as free: > 3 4 free

 │123456789│
—│—————————│
1│XXXXXXXX.│
2│XXXXXXXXX│
3│XXXX.XXX.│
4│XXXXXX.X.│
5│XXXXXXXXX│
6│XXXXXXXXX│
7│XXX.X534.│
8│XXXXX3/2X│
9│XXXXX2/2X│
—│—————————│
You stepped on a mine and failed!
]]></system-out>
  <system-err><![CDATA[]]></system-err>
</testsuite>
